{"/Users/jameswynant/Desktop/*1k2large*/-1k2large-/App.tsx": {"path":"/Users/jameswynant/Desktop/*1k2large*/-1k2large-/App.tsx","statementMap":{},"fnMap":{},"branchMap":{},"s":{},"f":{},"b":{}}
,"/Users/jameswynant/Desktop/*1k2large*/-1k2large-/expo-env.d.ts": {"path":"/Users/jameswynant/Desktop/*1k2large*/-1k2large-/expo-env.d.ts","statementMap":{},"fnMap":{},"branchMap":{},"s":{},"f":{},"b":{}}
,"/Users/jameswynant/Desktop/*1k2large*/-1k2large-/.expo/types/router.d.ts": {"path":"/Users/jameswynant/Desktop/*1k2large*/-1k2large-/.expo/types/router.d.ts","statementMap":{},"fnMap":{},"branchMap":{},"s":{},"f":{},"b":{}}
,"/Users/jameswynant/Desktop/*1k2large*/-1k2large-/app/+not-found.tsx": {"path":"/Users/jameswynant/Desktop/*1k2large*/-1k2large-/app/+not-found.tsx","statementMap":{"0":{"start":{"line":5,"column":2},"end":{"line":15,"column":4}},"1":{"start":{"line":18,"column":15},"end":{"line":33,"column":2}}},"fnMap":{"0":{"name":"NotFoundScreen","decl":{"start":{"line":4,"column":24},"end":{"line":4,"column":38}},"loc":{"start":{"line":4,"column":41},"end":{"line":16,"column":1}},"line":4}},"branchMap":{},"s":{"0":0,"1":0},"f":{"0":0},"b":{}}
,"/Users/jameswynant/Desktop/*1k2large*/-1k2large-/app/_layout.tsx": {"path":"/Users/jameswynant/Desktop/*1k2large*/-1k2large-/app/_layout.tsx","statementMap":{"0":{"start":{"line":12,"column":22},"end":{"line":12,"column":38}},"1":{"start":{"line":13,"column":21},"end":{"line":13,"column":43}},"2":{"start":{"line":15,"column":2},"end":{"line":42,"column":4}}},"fnMap":{"0":{"name":"RootLayout","decl":{"start":{"line":11,"column":24},"end":{"line":11,"column":34}},"loc":{"start":{"line":11,"column":37},"end":{"line":43,"column":1}},"line":11}},"branchMap":{"0":{"loc":{"start":{"line":21,"column":32},"end":{"line":21,"column":61}},"type":"cond-expr","locations":[{"start":{"line":21,"column":45},"end":{"line":21,"column":52}},{"start":{"line":21,"column":55},"end":{"line":21,"column":61}}],"line":21},"1":{"loc":{"start":{"line":25,"column":37},"end":{"line":25,"column":71}},"type":"cond-expr","locations":[{"start":{"line":25,"column":50},"end":{"line":25,"column":59}},{"start":{"line":25,"column":62},"end":{"line":25,"column":71}}],"line":25},"2":{"loc":{"start":{"line":27,"column":35},"end":{"line":27,"column":69}},"type":"cond-expr","locations":[{"start":{"line":27,"column":48},"end":{"line":27,"column":57}},{"start":{"line":27,"column":60},"end":{"line":27,"column":69}}],"line":27},"3":{"loc":{"start":{"line":30,"column":37},"end":{"line":30,"column":71}},"type":"cond-expr","locations":[{"start":{"line":30,"column":50},"end":{"line":30,"column":59}},{"start":{"line":30,"column":62},"end":{"line":30,"column":71}}],"line":30}},"s":{"0":0,"1":0,"2":0},"f":{"0":0},"b":{"0":[0,0],"1":[0,0],"2":[0,0],"3":[0,0]}}
,"/Users/jameswynant/Desktop/*1k2large*/-1k2large-/app/debug.tsx": {"path":"/Users/jameswynant/Desktop/*1k2large*/-1k2large-/app/debug.tsx","statementMap":{"0":{"start":{"line":9,"column":31},"end":{"line":9,"column":49}},"1":{"start":{"line":12,"column":17},"end":{"line":12,"column":36}},"2":{"start":{"line":13,"column":17},"end":{"line":13,"column":28}},"3":{"start":{"line":14,"column":23},"end":{"line":14,"column":38}},"4":{"start":{"line":16,"column":26},"end":{"line":38,"column":3}},"5":{"start":{"line":17,"column":4},"end":{"line":37,"column":5}},"6":{"start":{"line":19,"column":6},"end":{"line":19,"column":60}},"7":{"start":{"line":22,"column":6},"end":{"line":22,"column":61}},"8":{"start":{"line":24,"column":6},"end":{"line":33,"column":8}},"9":{"start":{"line":30,"column":27},"end":{"line":30,"column":56}},"10":{"start":{"line":35,"column":6},"end":{"line":35,"column":64}},"11":{"start":{"line":36,"column":6},"end":{"line":36,"column":27}},"12":{"start":{"line":40,"column":2},"end":{"line":61,"column":4}},"13":{"start":{"line":56,"column":23},"end":{"line":56,"column":36}},"14":{"start":{"line":64,"column":15},"end":{"line":113,"column":2}}},"fnMap":{"0":{"name":"DebugScreen","decl":{"start":{"line":11,"column":24},"end":{"line":11,"column":35}},"loc":{"start":{"line":11,"column":38},"end":{"line":62,"column":1}},"line":11},"1":{"name":"(anonymous_1)","decl":{"start":{"line":16,"column":26},"end":{"line":16,"column":27}},"loc":{"start":{"line":16,"column":38},"end":{"line":38,"column":3}},"line":16},"2":{"name":"(anonymous_2)","decl":{"start":{"line":30,"column":21},"end":{"line":30,"column":22}},"loc":{"start":{"line":30,"column":27},"end":{"line":30,"column":56}},"line":30},"3":{"name":"(anonymous_3)","decl":{"start":{"line":56,"column":17},"end":{"line":56,"column":18}},"loc":{"start":{"line":56,"column":23},"end":{"line":56,"column":36}},"line":56}},"branchMap":{},"s":{"0":0,"1":0,"2":0,"3":0,"4":0,"5":0,"6":0,"7":0,"8":0,"9":0,"10":0,"11":0,"12":0,"13":0,"14":0},"f":{"0":0,"1":0,"2":0,"3":0},"b":{}}
,"/Users/jameswynant/Desktop/*1k2large*/-1k2large-/app/onboarding.tsx": {"path":"/Users/jameswynant/Desktop/*1k2large*/-1k2large-/app/onboarding.tsx","statementMap":{"0":{"start":{"line":14,"column":36},"end":{"line":14,"column":51}},"1":{"start":{"line":17,"column":23},"end":{"line":30,"column":3}},"2":{"start":{"line":18,"column":4},"end":{"line":29,"column":5}},"3":{"start":{"line":20,"column":8},"end":{"line":20,"column":69}},"4":{"start":{"line":20,"column":47},"end":{"line":20,"column":64}},"5":{"start":{"line":22,"column":8},"end":{"line":22,"column":38}},"6":{"start":{"line":24,"column":8},"end":{"line":24,"column":32}},"7":{"start":{"line":26,"column":8},"end":{"line":26,"column":47}},"8":{"start":{"line":28,"column":8},"end":{"line":28,"column":69}},"9":{"start":{"line":28,"column":47},"end":{"line":28,"column":64}},"10":{"start":{"line":32,"column":2},"end":{"line":36,"column":4}},"11":{"start":{"line":41,"column":2},"end":{"line":47,"column":4}},"12":{"start":{"line":50,"column":15},"end":{"line":55,"column":2}}},"fnMap":{"0":{"name":"OnboardingContent","decl":{"start":{"line":13,"column":9},"end":{"line":13,"column":26}},"loc":{"start":{"line":13,"column":29},"end":{"line":37,"column":1}},"line":13},"1":{"name":"(anonymous_1)","decl":{"start":{"line":17,"column":23},"end":{"line":17,"column":24}},"loc":{"start":{"line":17,"column":29},"end":{"line":30,"column":3}},"line":17},"2":{"name":"(anonymous_2)","decl":{"start":{"line":20,"column":41},"end":{"line":20,"column":42}},"loc":{"start":{"line":20,"column":47},"end":{"line":20,"column":64}},"line":20},"3":{"name":"(anonymous_3)","decl":{"start":{"line":28,"column":41},"end":{"line":28,"column":42}},"loc":{"start":{"line":28,"column":47},"end":{"line":28,"column":64}},"line":28},"4":{"name":"OnboardingScreen","decl":{"start":{"line":40,"column":24},"end":{"line":40,"column":40}},"loc":{"start":{"line":40,"column":43},"end":{"line":48,"column":1}},"line":40}},"branchMap":{"0":{"loc":{"start":{"line":18,"column":4},"end":{"line":29,"column":5}},"type":"switch","locations":[{"start":{"line":19,"column":6},"end":{"line":20,"column":69}},{"start":{"line":21,"column":6},"end":{"line":22,"column":38}},{"start":{"line":23,"column":6},"end":{"line":24,"column":32}},{"start":{"line":25,"column":6},"end":{"line":26,"column":47}},{"start":{"line":27,"column":6},"end":{"line":28,"column":69}}],"line":18}},"s":{"0":0,"1":0,"2":0,"3":0,"4":0,"5":0,"6":0,"7":0,"8":0,"9":0,"10":0,"11":0,"12":0},"f":{"0":0,"1":0,"2":0,"3":0,"4":0},"b":{"0":[0,0,0,0,0]}}
,"/Users/jameswynant/Desktop/*1k2large*/-1k2large-/app/(tabs)/_layout.tsx": {"path":"/Users/jameswynant/Desktop/*1k2large*/-1k2large-/app/(tabs)/_layout.tsx","statementMap":{"0":{"start":{"line":8,"column":28},"end":{"line":8,"column":44}},"1":{"start":{"line":9,"column":20},"end":{"line":9,"column":35}},"2":{"start":{"line":13,"column":21},"end":{"line":13,"column":59}},"3":{"start":{"line":15,"column":2},"end":{"line":70,"column":4}},"4":{"start":{"line":20,"column":10},"end":{"line":27,"column":11}},"5":{"start":{"line":47,"column":12},"end":{"line":47,"column":89}},"6":{"start":{"line":56,"column":12},"end":{"line":56,"column":91}},"7":{"start":{"line":65,"column":12},"end":{"line":65,"column":93}}},"fnMap":{"0":{"name":"TabLayout","decl":{"start":{"line":7,"column":24},"end":{"line":7,"column":33}},"loc":{"start":{"line":7,"column":36},"end":{"line":71,"column":1}},"line":7},"1":{"name":"(anonymous_1)","decl":{"start":{"line":19,"column":26},"end":{"line":19,"column":27}},"loc":{"start":{"line":20,"column":10},"end":{"line":27,"column":11}},"line":20},"2":{"name":"(anonymous_2)","decl":{"start":{"line":46,"column":22},"end":{"line":46,"column":23}},"loc":{"start":{"line":47,"column":12},"end":{"line":47,"column":89}},"line":47},"3":{"name":"(anonymous_3)","decl":{"start":{"line":55,"column":22},"end":{"line":55,"column":23}},"loc":{"start":{"line":56,"column":12},"end":{"line":56,"column":91}},"line":56},"4":{"name":"(anonymous_4)","decl":{"start":{"line":64,"column":22},"end":{"line":64,"column":23}},"loc":{"start":{"line":65,"column":12},"end":{"line":65,"column":93}},"line":65}},"branchMap":{"0":{"loc":{"start":{"line":13,"column":21},"end":{"line":13,"column":59}},"type":"cond-expr","locations":[{"start":{"line":13,"column":47},"end":{"line":13,"column":52}},{"start":{"line":13,"column":55},"end":{"line":13,"column":59}}],"line":13},"1":{"loc":{"start":{"line":20,"column":10},"end":{"line":27,"column":11}},"type":"cond-expr","locations":[{"start":{"line":21,"column":12},"end":{"line":21,"column":103}},{"start":{"line":23,"column":12},"end":{"line":26,"column":17}}],"line":20},"2":{"loc":{"start":{"line":21,"column":43},"end":{"line":21,"column":72}},"type":"cond-expr","locations":[{"start":{"line":21,"column":56},"end":{"line":21,"column":62}},{"start":{"line":21,"column":65},"end":{"line":21,"column":72}}],"line":21},"3":{"loc":{"start":{"line":25,"column":31},"end":{"line":25,"column":65}},"type":"cond-expr","locations":[{"start":{"line":25,"column":44},"end":{"line":25,"column":53}},{"start":{"line":25,"column":56},"end":{"line":25,"column":65}}],"line":25},"4":{"loc":{"start":{"line":29,"column":14},"end":{"line":32,"column":11}},"type":"binary-expr","locations":[{"start":{"line":29,"column":14},"end":{"line":29,"column":35}},{"start":{"line":29,"column":39},"end":{"line":32,"column":11}}],"line":29},"5":{"loc":{"start":{"line":37,"column":26},"end":{"line":37,"column":60}},"type":"cond-expr","locations":[{"start":{"line":37,"column":39},"end":{"line":37,"column":48}},{"start":{"line":37,"column":51},"end":{"line":37,"column":60}}],"line":37},"6":{"loc":{"start":{"line":39,"column":31},"end":{"line":39,"column":65}},"type":"cond-expr","locations":[{"start":{"line":39,"column":44},"end":{"line":39,"column":53}},{"start":{"line":39,"column":56},"end":{"line":39,"column":65}}],"line":39},"7":{"loc":{"start":{"line":40,"column":33},"end":{"line":40,"column":67}},"type":"cond-expr","locations":[{"start":{"line":40,"column":46},"end":{"line":40,"column":55}},{"start":{"line":40,"column":58},"end":{"line":40,"column":67}}],"line":40},"8":{"loc":{"start":{"line":47,"column":28},"end":{"line":47,"column":61}},"type":"cond-expr","locations":[{"start":{"line":47,"column":38},"end":{"line":47,"column":44}},{"start":{"line":47,"column":47},"end":{"line":47,"column":61}}],"line":47},"9":{"loc":{"start":{"line":56,"column":28},"end":{"line":56,"column":63}},"type":"cond-expr","locations":[{"start":{"line":56,"column":38},"end":{"line":56,"column":45}},{"start":{"line":56,"column":48},"end":{"line":56,"column":63}}],"line":56},"10":{"loc":{"start":{"line":65,"column":28},"end":{"line":65,"column":65}},"type":"cond-expr","locations":[{"start":{"line":65,"column":38},"end":{"line":65,"column":46}},{"start":{"line":65,"column":49},"end":{"line":65,"column":65}}],"line":65}},"s":{"0":0,"1":0,"2":0,"3":0,"4":0,"5":0,"6":0,"7":0},"f":{"0":0,"1":0,"2":0,"3":0,"4":0},"b":{"0":[0,0],"1":[0,0],"2":[0,0],"3":[0,0],"4":[0,0],"5":[0,0],"6":[0,0],"7":[0,0],"8":[0,0],"9":[0,0],"10":[0,0]}}
,"/Users/jameswynant/Desktop/*1k2large*/-1k2large-/app/(tabs)/index.tsx": {"path":"/Users/jameswynant/Desktop/*1k2large*/-1k2large-/app/(tabs)/index.tsx","statementMap":{"0":{"start":{"line":5,"column":2},"end":{"line":5,"column":27}}},"fnMap":{"0":{"name":"HomeScreen","decl":{"start":{"line":4,"column":24},"end":{"line":4,"column":34}},"loc":{"start":{"line":4,"column":37},"end":{"line":6,"column":1}},"line":4}},"branchMap":{},"s":{"0":0},"f":{"0":0},"b":{}}
,"/Users/jameswynant/Desktop/*1k2large*/-1k2large-/app/(tabs)/profile.tsx": {"path":"/Users/jameswynant/Desktop/*1k2large*/-1k2large-/app/(tabs)/profile.tsx","statementMap":{"0":{"start":{"line":13,"column":30},"end":{"line":13,"column":45}},"1":{"start":{"line":14,"column":27},"end":{"line":14,"column":32}},"2":{"start":{"line":15,"column":22},"end":{"line":15,"column":38}},"3":{"start":{"line":16,"column":17},"end":{"line":16,"column":91}},"4":{"start":{"line":17,"column":17},"end":{"line":17,"column":28}},"5":{"start":{"line":20,"column":58},"end":{"line":22,"column":3}},"6":{"start":{"line":23,"column":54},"end":{"line":25,"column":3}},"7":{"start":{"line":26,"column":54},"end":{"line":28,"column":3}},"8":{"start":{"line":31,"column":60},"end":{"line":31,"column":75}},"9":{"start":{"line":32,"column":70},"end":{"line":32,"column":85}},"10":{"start":{"line":33,"column":52},"end":{"line":33,"column":67}},"11":{"start":{"line":36,"column":26},"end":{"line":36,"column":49}},"12":{"start":{"line":37,"column":28},"end":{"line":37,"column":57}},"13":{"start":{"line":40,"column":20},"end":{"line":40,"column":94}},"14":{"start":{"line":43,"column":29},"end":{"line":43,"column":66}},"15":{"start":{"line":46,"column":25},"end":{"line":46,"column":59}},"16":{"start":{"line":49,"column":23},"end":{"line":59,"column":3}},"17":{"start":{"line":50,"column":18},"end":{"line":50,"column":28}},"18":{"start":{"line":51,"column":14},"end":{"line":51,"column":59}},"19":{"start":{"line":52,"column":28},"end":{"line":52,"column":67}},"20":{"start":{"line":54,"column":4},"end":{"line":56,"column":5}},"21":{"start":{"line":55,"column":6},"end":{"line":55,"column":12}},"22":{"start":{"line":58,"column":4},"end":{"line":58,"column":15}},"23":{"start":{"line":62,"column":36},"end":{"line":69,"column":3}},"24":{"start":{"line":63,"column":4},"end":{"line":63,"column":35}},"25":{"start":{"line":64,"column":4},"end":{"line":67,"column":7}},"26":{"start":{"line":68,"column":4},"end":{"line":68,"column":59}},"27":{"start":{"line":71,"column":37},"end":{"line":78,"column":3}},"28":{"start":{"line":72,"column":4},"end":{"line":72,"column":33}},"29":{"start":{"line":73,"column":4},"end":{"line":76,"column":7}},"30":{"start":{"line":77,"column":4},"end":{"line":77,"column":59}},"31":{"start":{"line":80,"column":32},"end":{"line":87,"column":3}},"32":{"start":{"line":81,"column":4},"end":{"line":81,"column":33}},"33":{"start":{"line":82,"column":4},"end":{"line":85,"column":7}},"34":{"start":{"line":86,"column":4},"end":{"line":86,"column":59}},"35":{"start":{"line":90,"column":32},"end":{"line":93,"column":3}},"36":{"start":{"line":91,"column":16},"end":{"line":91,"column":39}},"37":{"start":{"line":92,"column":4},"end":{"line":92,"column":67}},"38":{"start":{"line":96,"column":26},"end":{"line":98,"column":3}},"39":{"start":{"line":97,"column":4},"end":{"line":97,"column":26}},"40":{"start":{"line":101,"column":32},"end":{"line":106,"column":3}},"41":{"start":{"line":102,"column":4},"end":{"line":105,"column":7}},"42":{"start":{"line":109,"column":37},"end":{"line":114,"column":3}},"43":{"start":{"line":110,"column":4},"end":{"line":113,"column":7}},"44":{"start":{"line":117,"column":28},"end":{"line":119,"column":3}},"45":{"start":{"line":118,"column":4},"end":{"line":118,"column":52}},"46":{"start":{"line":121,"column":2},"end":{"line":330,"column":4}},"47":{"start":{"line":167,"column":14},"end":{"line":167,"column":45}},"48":{"start":{"line":168,"column":14},"end":{"line":168,"column":69}},"49":{"start":{"line":182,"column":14},"end":{"line":182,"column":50}},"50":{"start":{"line":183,"column":14},"end":{"line":183,"column":69}},"51":{"start":{"line":197,"column":14},"end":{"line":197,"column":41}},"52":{"start":{"line":198,"column":14},"end":{"line":198,"column":69}},"53":{"start":{"line":311,"column":23},"end":{"line":311,"column":54}},"54":{"start":{"line":318,"column":23},"end":{"line":318,"column":59}},"55":{"start":{"line":325,"column":23},"end":{"line":325,"column":50}},"56":{"start":{"line":333,"column":15},"end":{"line":471,"column":2}}},"fnMap":{"0":{"name":"ProfileScreen","decl":{"start":{"line":12,"column":24},"end":{"line":12,"column":37}},"loc":{"start":{"line":12,"column":40},"end":{"line":331,"column":1}},"line":12},"1":{"name":"(anonymous_1)","decl":{"start":{"line":49,"column":23},"end":{"line":49,"column":24}},"loc":{"start":{"line":49,"column":44},"end":{"line":59,"column":3}},"line":49},"2":{"name":"(anonymous_2)","decl":{"start":{"line":62,"column":36},"end":{"line":62,"column":37}},"loc":{"start":{"line":62,"column":56},"end":{"line":69,"column":3}},"line":62},"3":{"name":"(anonymous_3)","decl":{"start":{"line":71,"column":37},"end":{"line":71,"column":38}},"loc":{"start":{"line":71,"column":57},"end":{"line":78,"column":3}},"line":71},"4":{"name":"(anonymous_4)","decl":{"start":{"line":80,"column":32},"end":{"line":80,"column":33}},"loc":{"start":{"line":80,"column":52},"end":{"line":87,"column":3}},"line":80},"5":{"name":"(anonymous_5)","decl":{"start":{"line":90,"column":32},"end":{"line":90,"column":33}},"loc":{"start":{"line":90,"column":38},"end":{"line":93,"column":3}},"line":90},"6":{"name":"(anonymous_6)","decl":{"start":{"line":96,"column":26},"end":{"line":96,"column":27}},"loc":{"start":{"line":96,"column":32},"end":{"line":98,"column":3}},"line":96},"7":{"name":"(anonymous_7)","decl":{"start":{"line":101,"column":32},"end":{"line":101,"column":33}},"loc":{"start":{"line":101,"column":48},"end":{"line":106,"column":3}},"line":101},"8":{"name":"(anonymous_8)","decl":{"start":{"line":109,"column":37},"end":{"line":109,"column":38}},"loc":{"start":{"line":109,"column":56},"end":{"line":114,"column":3}},"line":109},"9":{"name":"(anonymous_9)","decl":{"start":{"line":117,"column":28},"end":{"line":117,"column":29}},"loc":{"start":{"line":117,"column":68},"end":{"line":119,"column":3}},"line":117},"10":{"name":"(anonymous_10)","decl":{"start":{"line":166,"column":21},"end":{"line":166,"column":22}},"loc":{"start":{"line":166,"column":27},"end":{"line":169,"column":13}},"line":166},"11":{"name":"(anonymous_11)","decl":{"start":{"line":181,"column":21},"end":{"line":181,"column":22}},"loc":{"start":{"line":181,"column":27},"end":{"line":184,"column":13}},"line":181},"12":{"name":"(anonymous_12)","decl":{"start":{"line":196,"column":21},"end":{"line":196,"column":22}},"loc":{"start":{"line":196,"column":27},"end":{"line":199,"column":13}},"line":196},"13":{"name":"(anonymous_13)","decl":{"start":{"line":311,"column":17},"end":{"line":311,"column":18}},"loc":{"start":{"line":311,"column":23},"end":{"line":311,"column":54}},"line":311},"14":{"name":"(anonymous_14)","decl":{"start":{"line":318,"column":17},"end":{"line":318,"column":18}},"loc":{"start":{"line":318,"column":23},"end":{"line":318,"column":59}},"line":318},"15":{"name":"(anonymous_15)","decl":{"start":{"line":325,"column":17},"end":{"line":325,"column":18}},"loc":{"start":{"line":325,"column":23},"end":{"line":325,"column":50}},"line":325}},"branchMap":{"0":{"loc":{"start":{"line":16,"column":17},"end":{"line":16,"column":91}},"type":"cond-expr","locations":[{"start":{"line":16,"column":44},"end":{"line":16,"column":66}},{"start":{"line":16,"column":69},"end":{"line":16,"column":91}}],"line":16},"1":{"loc":{"start":{"line":21,"column":4},"end":{"line":21,"column":46}},"type":"binary-expr","locations":[{"start":{"line":21,"column":4},"end":{"line":21,"column":38}},{"start":{"line":21,"column":42},"end":{"line":21,"column":46}}],"line":21},"2":{"loc":{"start":{"line":24,"column":4},"end":{"line":24,"column":44}},"type":"binary-expr","locations":[{"start":{"line":24,"column":4},"end":{"line":24,"column":36}},{"start":{"line":24,"column":40},"end":{"line":24,"column":44}}],"line":24},"3":{"loc":{"start":{"line":27,"column":4},"end":{"line":27,"column":45}},"type":"binary-expr","locations":[{"start":{"line":27,"column":4},"end":{"line":27,"column":36}},{"start":{"line":27,"column":40},"end":{"line":27,"column":45}}],"line":27},"4":{"loc":{"start":{"line":40,"column":20},"end":{"line":40,"column":94}},"type":"cond-expr","locations":[{"start":{"line":40,"column":42},"end":{"line":40,"column":71}},{"start":{"line":40,"column":74},"end":{"line":40,"column":94}}],"line":40},"5":{"loc":{"start":{"line":46,"column":25},"end":{"line":46,"column":59}},"type":"binary-expr","locations":[{"start":{"line":46,"column":25},"end":{"line":46,"column":53}},{"start":{"line":46,"column":57},"end":{"line":46,"column":59}}],"line":46},"6":{"loc":{"start":{"line":54,"column":4},"end":{"line":56,"column":5}},"type":"if","locations":[{"start":{"line":54,"column":4},"end":{"line":56,"column":5}},{"start":{},"end":{}}],"line":54},"7":{"loc":{"start":{"line":54,"column":8},"end":{"line":54,"column":95}},"type":"binary-expr","locations":[{"start":{"line":54,"column":8},"end":{"line":54,"column":27}},{"start":{"line":54,"column":32},"end":{"line":54,"column":53}},{"start":{"line":54,"column":57},"end":{"line":54,"column":94}}],"line":54},"8":{"loc":{"start":{"line":205,"column":17},"end":{"line":209,"column":29}},"type":"cond-expr","locations":[{"start":{"line":206,"column":20},"end":{"line":206,"column":28}},{"start":{"line":207,"column":20},"end":{"line":209,"column":29}}],"line":205},"9":{"loc":{"start":{"line":207,"column":20},"end":{"line":209,"column":29}},"type":"cond-expr","locations":[{"start":{"line":208,"column":22},"end":{"line":208,"column":28}},{"start":{"line":209,"column":22},"end":{"line":209,"column":29}}],"line":207},"10":{"loc":{"start":{"line":326,"column":22},"end":{"line":326,"column":45}},"type":"binary-expr","locations":[{"start":{"line":326,"column":22},"end":{"line":326,"column":33}},{"start":{"line":326,"column":37},"end":{"line":326,"column":45}}],"line":326}},"s":{"0":0,"1":0,"2":0,"3":0,"4":0,"5":0,"6":0,"7":0,"8":0,"9":0,"10":0,"11":0,"12":0,"13":0,"14":0,"15":0,"16":0,"17":0,"18":0,"19":0,"20":0,"21":0,"22":0,"23":0,"24":0,"25":0,"26":0,"27":0,"28":0,"29":0,"30":0,"31":0,"32":0,"33":0,"34":0,"35":0,"36":0,"37":0,"38":0,"39":0,"40":0,"41":0,"42":0,"43":0,"44":0,"45":0,"46":0,"47":0,"48":0,"49":0,"50":0,"51":0,"52":0,"53":0,"54":0,"55":0,"56":0},"f":{"0":0,"1":0,"2":0,"3":0,"4":0,"5":0,"6":0,"7":0,"8":0,"9":0,"10":0,"11":0,"12":0,"13":0,"14":0,"15":0},"b":{"0":[0,0],"1":[0,0],"2":[0,0],"3":[0,0],"4":[0,0],"5":[0,0],"6":[0,0],"7":[0,0,0],"8":[0,0],"9":[0,0],"10":[0,0]}}
,"/Users/jameswynant/Desktop/*1k2large*/-1k2large-/app/(tabs)/today.tsx": {"path":"/Users/jameswynant/Desktop/*1k2large*/-1k2large-/app/(tabs)/today.tsx","statementMap":{"0":{"start":{"line":19,"column":31},"end":{"line":49,"column":1}},"1":{"start":{"line":20,"column":21},"end":{"line":20,"column":31}},"2":{"start":{"line":21,"column":33},"end":{"line":21,"column":54}},"3":{"start":{"line":23,"column":2},"end":{"line":48,"column":4}},"4":{"start":{"line":53,"column":45},"end":{"line":53,"column":66}},"5":{"start":{"line":54,"column":20},"end":{"line":54,"column":35}},"6":{"start":{"line":55,"column":44},"end":{"line":55,"column":59}},"7":{"start":{"line":56,"column":23},"end":{"line":56,"column":45}},"8":{"start":{"line":57,"column":21},"end":{"line":57,"column":31}},"9":{"start":{"line":58,"column":63},"end":{"line":58,"column":84}},"10":{"start":{"line":61,"column":33},"end":{"line":61,"column":83}},"11":{"start":{"line":62,"column":21},"end":{"line":62,"column":36}},"12":{"start":{"line":65,"column":19},"end":{"line":65,"column":29}},"13":{"start":{"line":66,"column":22},"end":{"line":66,"column":64}},"14":{"start":{"line":66,"column":46},"end":{"line":66,"column":63}},"15":{"start":{"line":69,"column":24},"end":{"line":130,"column":3}},"16":{"start":{"line":70,"column":4},"end":{"line":101,"column":5}},"17":{"start":{"line":71,"column":6},"end":{"line":100,"column":8}},"18":{"start":{"line":104,"column":4},"end":{"line":129,"column":6}},"19":{"start":{"line":132,"column":2},"end":{"line":159,"column":4}},"20":{"start":{"line":162,"column":15},"end":{"line":183,"column":2}}},"fnMap":{"0":{"name":"(anonymous_0)","decl":{"start":{"line":19,"column":31},"end":{"line":19,"column":32}},"loc":{"start":{"line":19,"column":81},"end":{"line":49,"column":1}},"line":19},"1":{"name":"TodayScreen","decl":{"start":{"line":51,"column":24},"end":{"line":51,"column":35}},"loc":{"start":{"line":51,"column":38},"end":{"line":160,"column":1}},"line":51},"2":{"name":"(anonymous_2)","decl":{"start":{"line":66,"column":38},"end":{"line":66,"column":39}},"loc":{"start":{"line":66,"column":46},"end":{"line":66,"column":63}},"line":66},"3":{"name":"(anonymous_3)","decl":{"start":{"line":69,"column":24},"end":{"line":69,"column":25}},"loc":{"start":{"line":69,"column":30},"end":{"line":130,"column":3}},"line":69}},"branchMap":{"0":{"loc":{"start":{"line":70,"column":4},"end":{"line":101,"column":5}},"type":"if","locations":[{"start":{"line":70,"column":4},"end":{"line":101,"column":5}},{"start":{},"end":{}}],"line":70},"1":{"loc":{"start":{"line":70,"column":8},"end":{"line":70,"column":34}},"type":"binary-expr","locations":[{"start":{"line":70,"column":8},"end":{"line":70,"column":19}},{"start":{"line":70,"column":23},"end":{"line":70,"column":34}}],"line":70}},"s":{"0":0,"1":0,"2":0,"3":0,"4":0,"5":0,"6":0,"7":0,"8":0,"9":0,"10":0,"11":0,"12":0,"13":0,"14":0,"15":0,"16":0,"17":0,"18":0,"19":0,"20":0},"f":{"0":0,"1":0,"2":0,"3":0},"b":{"0":[0,0],"1":[0,0]}}
,"/Users/jameswynant/Desktop/*1k2large*/-1k2large-/app/components/content/SimplifiedContentLibrary.tsx": {"path":"/Users/jameswynant/Desktop/*1k2large*/-1k2large-/app/components/content/SimplifiedContentLibrary.tsx","statementMap":{"0":{"start":{"line":30,"column":20},"end":{"line":30,"column":35}},"1":{"start":{"line":31,"column":27},"end":{"line":31,"column":32}},"2":{"start":{"line":32,"column":25},"end":{"line":32,"column":40}},"3":{"start":{"line":33,"column":17},"end":{"line":33,"column":28}},"4":{"start":{"line":36,"column":22},"end":{"line":36,"column":38}},"5":{"start":{"line":37,"column":21},"end":{"line":37,"column":43}},"6":{"start":{"line":40,"column":42},"end":{"line":40,"column":71}},"7":{"start":{"line":43,"column":24},"end":{"line":45,"column":76}},"8":{"start":{"line":44,"column":20},"end":{"line":44,"column":68}},"9":{"start":{"line":45,"column":20},"end":{"line":45,"column":75}},"10":{"start":{"line":48,"column":2},"end":{"line":60,"column":21}},"11":{"start":{"line":49,"column":4},"end":{"line":49,"column":87}},"12":{"start":{"line":50,"column":4},"end":{"line":59,"column":5}},"13":{"start":{"line":51,"column":6},"end":{"line":58,"column":8}},"14":{"start":{"line":52,"column":46},"end":{"line":57,"column":9}},"15":{"start":{"line":63,"column":25},"end":{"line":65,"column":38}},"16":{"start":{"line":68,"column":30},"end":{"line":77,"column":3}},"17":{"start":{"line":69,"column":4},"end":{"line":76,"column":5}},"18":{"start":{"line":71,"column":8},"end":{"line":71,"column":25}},"19":{"start":{"line":73,"column":8},"end":{"line":73,"column":25}},"20":{"start":{"line":75,"column":8},"end":{"line":75,"column":25}},"21":{"start":{"line":80,"column":29},"end":{"line":89,"column":3}},"22":{"start":{"line":81,"column":4},"end":{"line":88,"column":5}},"23":{"start":{"line":83,"column":8},"end":{"line":83,"column":22}},"24":{"start":{"line":85,"column":8},"end":{"line":85,"column":23}},"25":{"start":{"line":87,"column":8},"end":{"line":87,"column":26}},"26":{"start":{"line":92,"column":28},"end":{"line":96,"column":3}},"27":{"start":{"line":93,"column":4},"end":{"line":93,"column":39}},"28":{"start":{"line":93,"column":22},"end":{"line":93,"column":39}},"29":{"start":{"line":94,"column":17},"end":{"line":94,"column":59}},"30":{"start":{"line":94,"column":38},"end":{"line":94,"column":58}},"31":{"start":{"line":95,"column":4},"end":{"line":95,"column":41}},"32":{"start":{"line":99,"column":27},"end":{"line":103,"column":3}},"33":{"start":{"line":100,"column":4},"end":{"line":100,"column":32}},"34":{"start":{"line":100,"column":22},"end":{"line":100,"column":32}},"35":{"start":{"line":101,"column":17},"end":{"line":101,"column":59}},"36":{"start":{"line":101,"column":38},"end":{"line":101,"column":58}},"37":{"start":{"line":102,"column":4},"end":{"line":102,"column":33}},"38":{"start":{"line":106,"column":25},"end":{"line":113,"column":3}},"39":{"start":{"line":107,"column":4},"end":{"line":112,"column":5}},"40":{"start":{"line":108,"column":19},"end":{"line":108,"column":39}},"41":{"start":{"line":109,"column":6},"end":{"line":109,"column":41}},"42":{"start":{"line":111,"column":6},"end":{"line":111,"column":28}},"43":{"start":{"line":116,"column":29},"end":{"line":119,"column":3}},"44":{"start":{"line":122,"column":27},"end":{"line":128,"column":3}},"45":{"start":{"line":123,"column":4},"end":{"line":127,"column":5}},"46":{"start":{"line":124,"column":6},"end":{"line":124,"column":37}},"47":{"start":{"line":126,"column":6},"end":{"line":126,"column":35}},"48":{"start":{"line":131,"column":28},"end":{"line":193,"column":3}},"49":{"start":{"line":132,"column":4},"end":{"line":192,"column":6}},"50":{"start":{"line":135,"column":23},"end":{"line":135,"column":47}},"51":{"start":{"line":196,"column":27},"end":{"line":225,"column":3}},"52":{"start":{"line":197,"column":4},"end":{"line":224,"column":11}},"53":{"start":{"line":211,"column":25},"end":{"line":211,"column":51}},"54":{"start":{"line":218,"column":25},"end":{"line":218,"column":49}},"55":{"start":{"line":227,"column":2},"end":{"line":322,"column":4}},"56":{"start":{"line":236,"column":25},"end":{"line":236,"column":46}},"57":{"start":{"line":253,"column":25},"end":{"line":253,"column":50}},"58":{"start":{"line":270,"column":25},"end":{"line":270,"column":48}},"59":{"start":{"line":289,"column":36},"end":{"line":289,"column":43}},"60":{"start":{"line":293,"column":42},"end":{"line":293,"column":79}},"61":{"start":{"line":325,"column":15},"end":{"line":486,"column":2}}},"fnMap":{"0":{"name":"SimplifiedContentLibrary","decl":{"start":{"line":25,"column":24},"end":{"line":25,"column":48}},"loc":{"start":{"line":29,"column":34},"end":{"line":323,"column":1}},"line":29},"1":{"name":"(anonymous_1)","decl":{"start":{"line":44,"column":12},"end":{"line":44,"column":13}},"loc":{"start":{"line":44,"column":20},"end":{"line":44,"column":68}},"line":44},"2":{"name":"(anonymous_2)","decl":{"start":{"line":45,"column":10},"end":{"line":45,"column":11}},"loc":{"start":{"line":45,"column":20},"end":{"line":45,"column":75}},"line":45},"3":{"name":"(anonymous_3)","decl":{"start":{"line":48,"column":18},"end":{"line":48,"column":19}},"loc":{"start":{"line":48,"column":24},"end":{"line":60,"column":3}},"line":48},"4":{"name":"(anonymous_4)","decl":{"start":{"line":52,"column":37},"end":{"line":52,"column":38}},"loc":{"start":{"line":52,"column":46},"end":{"line":57,"column":9}},"line":52},"5":{"name":"(anonymous_5)","decl":{"start":{"line":68,"column":30},"end":{"line":68,"column":31}},"loc":{"start":{"line":68,"column":48},"end":{"line":77,"column":3}},"line":68},"6":{"name":"(anonymous_6)","decl":{"start":{"line":80,"column":29},"end":{"line":80,"column":30}},"loc":{"start":{"line":80,"column":47},"end":{"line":89,"column":3}},"line":80},"7":{"name":"(anonymous_7)","decl":{"start":{"line":92,"column":28},"end":{"line":92,"column":29}},"loc":{"start":{"line":92,"column":65},"end":{"line":96,"column":3}},"line":92},"8":{"name":"(anonymous_8)","decl":{"start":{"line":94,"column":33},"end":{"line":94,"column":34}},"loc":{"start":{"line":94,"column":38},"end":{"line":94,"column":58}},"line":94},"9":{"name":"(anonymous_9)","decl":{"start":{"line":99,"column":27},"end":{"line":99,"column":28}},"loc":{"start":{"line":99,"column":64},"end":{"line":103,"column":3}},"line":99},"10":{"name":"(anonymous_10)","decl":{"start":{"line":101,"column":33},"end":{"line":101,"column":34}},"loc":{"start":{"line":101,"column":38},"end":{"line":101,"column":58}},"line":101},"11":{"name":"(anonymous_11)","decl":{"start":{"line":106,"column":25},"end":{"line":106,"column":26}},"loc":{"start":{"line":106,"column":49},"end":{"line":113,"column":3}},"line":106},"12":{"name":"(anonymous_12)","decl":{"start":{"line":116,"column":29},"end":{"line":116,"column":30}},"loc":{"start":{"line":116,"column":52},"end":{"line":119,"column":3}},"line":116},"13":{"name":"(anonymous_13)","decl":{"start":{"line":122,"column":27},"end":{"line":122,"column":28}},"loc":{"start":{"line":122,"column":56},"end":{"line":128,"column":3}},"line":122},"14":{"name":"(anonymous_14)","decl":{"start":{"line":131,"column":28},"end":{"line":131,"column":29}},"loc":{"start":{"line":131,"column":65},"end":{"line":193,"column":3}},"line":131},"15":{"name":"(anonymous_15)","decl":{"start":{"line":135,"column":17},"end":{"line":135,"column":18}},"loc":{"start":{"line":135,"column":23},"end":{"line":135,"column":47}},"line":135},"16":{"name":"(anonymous_16)","decl":{"start":{"line":196,"column":27},"end":{"line":196,"column":28}},"loc":{"start":{"line":197,"column":4},"end":{"line":224,"column":11}},"line":197},"17":{"name":"(anonymous_17)","decl":{"start":{"line":211,"column":19},"end":{"line":211,"column":20}},"loc":{"start":{"line":211,"column":25},"end":{"line":211,"column":51}},"line":211},"18":{"name":"(anonymous_18)","decl":{"start":{"line":218,"column":19},"end":{"line":218,"column":20}},"loc":{"start":{"line":218,"column":25},"end":{"line":218,"column":49}},"line":218},"19":{"name":"(anonymous_19)","decl":{"start":{"line":236,"column":19},"end":{"line":236,"column":20}},"loc":{"start":{"line":236,"column":25},"end":{"line":236,"column":46}},"line":236},"20":{"name":"(anonymous_20)","decl":{"start":{"line":253,"column":19},"end":{"line":253,"column":20}},"loc":{"start":{"line":253,"column":25},"end":{"line":253,"column":50}},"line":253},"21":{"name":"(anonymous_21)","decl":{"start":{"line":270,"column":19},"end":{"line":270,"column":20}},"loc":{"start":{"line":270,"column":25},"end":{"line":270,"column":48}},"line":270},"22":{"name":"(anonymous_22)","decl":{"start":{"line":289,"column":26},"end":{"line":289,"column":27}},"loc":{"start":{"line":289,"column":36},"end":{"line":289,"column":43}},"line":289},"23":{"name":"(anonymous_23)","decl":{"start":{"line":293,"column":36},"end":{"line":293,"column":37}},"loc":{"start":{"line":293,"column":42},"end":{"line":293,"column":79}},"line":293}},"branchMap":{"0":{"loc":{"start":{"line":26,"column":2},"end":{"line":26,"column":14}},"type":"default-arg","locations":[{"start":{"line":26,"column":13},"end":{"line":26,"column":14}}],"line":26},"1":{"loc":{"start":{"line":44,"column":20},"end":{"line":44,"column":68}},"type":"cond-expr","locations":[{"start":{"line":44,"column":35},"end":{"line":44,"column":61}},{"start":{"line":44,"column":64},"end":{"line":44,"column":68}}],"line":44},"2":{"loc":{"start":{"line":50,"column":4},"end":{"line":59,"column":5}},"type":"if","locations":[{"start":{"line":50,"column":4},"end":{"line":59,"column":5}},{"start":{},"end":{}}],"line":50},"3":{"loc":{"start":{"line":63,"column":25},"end":{"line":65,"column":38}},"type":"cond-expr","locations":[{"start":{"line":64,"column":6},"end":{"line":64,"column":19}},{"start":{"line":65,"column":6},"end":{"line":65,"column":38}}],"line":63},"4":{"loc":{"start":{"line":69,"column":4},"end":{"line":76,"column":5}},"type":"switch","locations":[{"start":{"line":70,"column":6},"end":{"line":71,"column":25}},{"start":{"line":72,"column":6},"end":{"line":73,"column":25}},{"start":{"line":74,"column":6},"end":{"line":75,"column":25}}],"line":69},"5":{"loc":{"start":{"line":81,"column":4},"end":{"line":88,"column":5}},"type":"switch","locations":[{"start":{"line":82,"column":6},"end":{"line":83,"column":22}},{"start":{"line":84,"column":6},"end":{"line":85,"column":23}},{"start":{"line":86,"column":6},"end":{"line":87,"column":26}}],"line":81},"6":{"loc":{"start":{"line":93,"column":4},"end":{"line":93,"column":39}},"type":"if","locations":[{"start":{"line":93,"column":4},"end":{"line":93,"column":39}},{"start":{},"end":{}}],"line":93},"7":{"loc":{"start":{"line":95,"column":11},"end":{"line":95,"column":40}},"type":"cond-expr","locations":[{"start":{"line":95,"column":18},"end":{"line":95,"column":28}},{"start":{"line":95,"column":31},"end":{"line":95,"column":40}}],"line":95},"8":{"loc":{"start":{"line":100,"column":4},"end":{"line":100,"column":32}},"type":"if","locations":[{"start":{"line":100,"column":4},"end":{"line":100,"column":32}},{"start":{},"end":{}}],"line":100},"9":{"loc":{"start":{"line":102,"column":11},"end":{"line":102,"column":32}},"type":"cond-expr","locations":[{"start":{"line":102,"column":18},"end":{"line":102,"column":27}},{"start":{"line":102,"column":30},"end":{"line":102,"column":32}}],"line":102},"10":{"loc":{"start":{"line":123,"column":4},"end":{"line":127,"column":5}},"type":"if","locations":[{"start":{"line":123,"column":4},"end":{"line":127,"column":5}},{"start":{"line":125,"column":11},"end":{"line":127,"column":5}}],"line":123},"11":{"loc":{"start":{"line":154,"column":11},"end":{"line":154,"column":66}},"type":"cond-expr","locations":[{"start":{"line":154,"column":24},"end":{"line":154,"column":53}},{"start":{"line":154,"column":56},"end":{"line":154,"column":66}}],"line":154},"12":{"loc":{"start":{"line":157,"column":9},"end":{"line":175,"column":9}},"type":"binary-expr","locations":[{"start":{"line":157,"column":9},"end":{"line":157,"column":29}},{"start":{"line":157,"column":33},"end":{"line":157,"column":49}},{"start":{"line":158,"column":10},"end":{"line":174,"column":17}}],"line":157},"13":{"loc":{"start":{"line":177,"column":9},"end":{"line":190,"column":9}},"type":"binary-expr","locations":[{"start":{"line":177,"column":9},"end":{"line":177,"column":31}},{"start":{"line":177,"column":35},"end":{"line":177,"column":45}},{"start":{"line":177,"column":49},"end":{"line":177,"column":70}},{"start":{"line":178,"column":10},"end":{"line":189,"column":17}}],"line":177},"14":{"loc":{"start":{"line":184,"column":13},"end":{"line":188,"column":13}},"type":"binary-expr","locations":[{"start":{"line":184,"column":13},"end":{"line":184,"column":34}},{"start":{"line":185,"column":14},"end":{"line":187,"column":21}}],"line":184},"15":{"loc":{"start":{"line":234,"column":12},"end":{"line":234,"column":62}},"type":"binary-expr","locations":[{"start":{"line":234,"column":12},"end":{"line":234,"column":33}},{"start":{"line":234,"column":37},"end":{"line":234,"column":62}}],"line":234},"16":{"loc":{"start":{"line":241,"column":14},"end":{"line":241,"column":68}},"type":"binary-expr","locations":[{"start":{"line":241,"column":14},"end":{"line":241,"column":35}},{"start":{"line":241,"column":39},"end":{"line":241,"column":68}}],"line":241},"17":{"loc":{"start":{"line":251,"column":12},"end":{"line":251,"column":66}},"type":"binary-expr","locations":[{"start":{"line":251,"column":12},"end":{"line":251,"column":37}},{"start":{"line":251,"column":41},"end":{"line":251,"column":66}}],"line":251},"18":{"loc":{"start":{"line":258,"column":14},"end":{"line":258,"column":72}},"type":"binary-expr","locations":[{"start":{"line":258,"column":14},"end":{"line":258,"column":39}},{"start":{"line":258,"column":43},"end":{"line":258,"column":72}}],"line":258},"19":{"loc":{"start":{"line":268,"column":12},"end":{"line":268,"column":64}},"type":"binary-expr","locations":[{"start":{"line":268,"column":12},"end":{"line":268,"column":35}},{"start":{"line":268,"column":39},"end":{"line":268,"column":64}}],"line":268},"20":{"loc":{"start":{"line":275,"column":14},"end":{"line":275,"column":70}},"type":"binary-expr","locations":[{"start":{"line":275,"column":14},"end":{"line":275,"column":37}},{"start":{"line":275,"column":41},"end":{"line":275,"column":70}}],"line":275},"21":{"loc":{"start":{"line":284,"column":7},"end":{"line":320,"column":7}},"type":"cond-expr","locations":[{"start":{"line":285,"column":8},"end":{"line":317,"column":11}},{"start":{"line":319,"column":8},"end":{"line":319,"column":26}}],"line":284},"22":{"loc":{"start":{"line":296,"column":11},"end":{"line":306,"column":11}},"type":"binary-expr","locations":[{"start":{"line":296,"column":11},"end":{"line":296,"column":42}},{"start":{"line":296,"column":46},"end":{"line":296,"column":57}},{"start":{"line":297,"column":12},"end":{"line":305,"column":31}}],"line":296},"23":{"loc":{"start":{"line":308,"column":11},"end":{"line":316,"column":11}},"type":"binary-expr","locations":[{"start":{"line":308,"column":11},"end":{"line":308,"column":21}},{"start":{"line":309,"column":12},"end":{"line":315,"column":31}}],"line":308}},"s":{"0":0,"1":0,"2":0,"3":0,"4":0,"5":0,"6":0,"7":0,"8":0,"9":0,"10":0,"11":0,"12":0,"13":0,"14":0,"15":0,"16":0,"17":0,"18":0,"19":0,"20":0,"21":0,"22":0,"23":0,"24":0,"25":0,"26":0,"27":0,"28":0,"29":0,"30":0,"31":0,"32":0,"33":0,"34":0,"35":0,"36":0,"37":0,"38":0,"39":0,"40":0,"41":0,"42":0,"43":0,"44":0,"45":0,"46":0,"47":0,"48":0,"49":0,"50":0,"51":0,"52":0,"53":0,"54":0,"55":0,"56":0,"57":0,"58":0,"59":0,"60":0,"61":0},"f":{"0":0,"1":0,"2":0,"3":0,"4":0,"5":0,"6":0,"7":0,"8":0,"9":0,"10":0,"11":0,"12":0,"13":0,"14":0,"15":0,"16":0,"17":0,"18":0,"19":0,"20":0,"21":0,"22":0,"23":0},"b":{"0":[0],"1":[0,0],"2":[0,0],"3":[0,0],"4":[0,0,0],"5":[0,0,0],"6":[0,0],"7":[0,0],"8":[0,0],"9":[0,0],"10":[0,0],"11":[0,0],"12":[0,0,0],"13":[0,0,0,0],"14":[0,0],"15":[0,0],"16":[0,0],"17":[0,0],"18":[0,0],"19":[0,0],"20":[0,0],"21":[0,0],"22":[0,0,0],"23":[0,0]}}
,"/Users/jameswynant/Desktop/*1k2large*/-1k2large-/app/components/focus/FocusAreaCard.tsx": {"path":"/Users/jameswynant/Desktop/*1k2large*/-1k2large-/app/components/focus/FocusAreaCard.tsx","statementMap":{"0":{"start":{"line":18,"column":32},"end":{"line":18,"column":56}},"1":{"start":{"line":21,"column":24},"end":{"line":25,"column":1}},"2":{"start":{"line":40,"column":22},"end":{"line":40,"column":38}},"3":{"start":{"line":41,"column":21},"end":{"line":41,"column":43}},"4":{"start":{"line":42,"column":23},"end":{"line":42,"column":45}},"5":{"start":{"line":45,"column":20},"end":{"line":45,"column":57}},"6":{"start":{"line":46,"column":22},"end":{"line":46,"column":74}},"7":{"start":{"line":49,"column":16},"end":{"line":49,"column":76}},"8":{"start":{"line":49,"column":42},"end":{"line":49,"column":75}},"9":{"start":{"line":50,"column":22},"end":{"line":50,"column":61}},"10":{"start":{"line":50,"column":43},"end":{"line":50,"column":60}},"11":{"start":{"line":51,"column":25},"end":{"line":51,"column":63}},"12":{"start":{"line":51,"column":46},"end":{"line":51,"column":62}},"13":{"start":{"line":54,"column":21},"end":{"line":54,"column":33}},"14":{"start":{"line":55,"column":31},"end":{"line":57,"column":7}},"15":{"start":{"line":60,"column":19},"end":{"line":60,"column":41}},"16":{"start":{"line":61,"column":17},"end":{"line":61,"column":48}},"17":{"start":{"line":64,"column":23},"end":{"line":66,"column":99}},"18":{"start":{"line":65,"column":20},"end":{"line":65,"column":33}},"19":{"start":{"line":66,"column":20},"end":{"line":66,"column":85}},"20":{"start":{"line":69,"column":28},"end":{"line":71,"column":10}},"21":{"start":{"line":74,"column":28},"end":{"line":78,"column":3}},"22":{"start":{"line":75,"column":4},"end":{"line":75,"column":48}},"23":{"start":{"line":75,"column":26},"end":{"line":75,"column":48}},"24":{"start":{"line":76,"column":4},"end":{"line":76,"column":65}},"25":{"start":{"line":76,"column":46},"end":{"line":76,"column":65}},"26":{"start":{"line":77,"column":4},"end":{"line":77,"column":62}},"27":{"start":{"line":82,"column":4},"end":{"line":91,"column":5}},"28":{"start":{"line":84,"column":8},"end":{"line":84,"column":61}},"29":{"start":{"line":86,"column":8},"end":{"line":86,"column":62}},"30":{"start":{"line":88,"column":8},"end":{"line":88,"column":61}},"31":{"start":{"line":90,"column":8},"end":{"line":90,"column":62}},"32":{"start":{"line":95,"column":2},"end":{"line":115,"column":41}},"33":{"start":{"line":96,"column":4},"end":{"line":114,"column":5}},"34":{"start":{"line":97,"column":6},"end":{"line":113,"column":17}},"35":{"start":{"line":118,"column":24},"end":{"line":125,"column":3}},"36":{"start":{"line":119,"column":4},"end":{"line":119,"column":59}},"37":{"start":{"line":120,"column":4},"end":{"line":124,"column":15}},"38":{"start":{"line":127,"column":25},"end":{"line":133,"column":3}},"39":{"start":{"line":128,"column":4},"end":{"line":132,"column":15}},"40":{"start":{"line":135,"column":22},"end":{"line":137,"column":3}},"41":{"start":{"line":136,"column":4},"end":{"line":136,"column":14}},"42":{"start":{"line":140,"column":19},"end":{"line":140,"column":32}},"43":{"start":{"line":141,"column":24},"end":{"line":141,"column":54}},"44":{"start":{"line":143,"column":2},"end":{"line":214,"column":4}},"45":{"start":{"line":217,"column":15},"end":{"line":309,"column":2}}},"fnMap":{"0":{"name":"FocusAreaCard","decl":{"start":{"line":34,"column":24},"end":{"line":34,"column":37}},"loc":{"start":{"line":39,"column":23},"end":{"line":215,"column":1}},"line":39},"1":{"name":"(anonymous_1)","decl":{"start":{"line":49,"column":34},"end":{"line":49,"column":35}},"loc":{"start":{"line":49,"column":42},"end":{"line":49,"column":75}},"line":49},"2":{"name":"(anonymous_2)","decl":{"start":{"line":50,"column":35},"end":{"line":50,"column":36}},"loc":{"start":{"line":50,"column":43},"end":{"line":50,"column":60}},"line":50},"3":{"name":"(anonymous_3)","decl":{"start":{"line":51,"column":38},"end":{"line":51,"column":39}},"loc":{"start":{"line":51,"column":46},"end":{"line":51,"column":62}},"line":51},"4":{"name":"(anonymous_4)","decl":{"start":{"line":65,"column":12},"end":{"line":65,"column":13}},"loc":{"start":{"line":65,"column":20},"end":{"line":65,"column":33}},"line":65},"5":{"name":"(anonymous_5)","decl":{"start":{"line":66,"column":10},"end":{"line":66,"column":11}},"loc":{"start":{"line":66,"column":20},"end":{"line":66,"column":85}},"line":66},"6":{"name":"(anonymous_6)","decl":{"start":{"line":74,"column":28},"end":{"line":74,"column":29}},"loc":{"start":{"line":74,"column":34},"end":{"line":78,"column":3}},"line":74},"7":{"name":"getCardSize","decl":{"start":{"line":81,"column":11},"end":{"line":81,"column":22}},"loc":{"start":{"line":81,"column":25},"end":{"line":92,"column":3}},"line":81},"8":{"name":"(anonymous_8)","decl":{"start":{"line":95,"column":12},"end":{"line":95,"column":13}},"loc":{"start":{"line":95,"column":18},"end":{"line":115,"column":3}},"line":95},"9":{"name":"(anonymous_9)","decl":{"start":{"line":118,"column":24},"end":{"line":118,"column":25}},"loc":{"start":{"line":118,"column":30},"end":{"line":125,"column":3}},"line":118},"10":{"name":"(anonymous_10)","decl":{"start":{"line":127,"column":25},"end":{"line":127,"column":26}},"loc":{"start":{"line":127,"column":31},"end":{"line":133,"column":3}},"line":127},"11":{"name":"(anonymous_11)","decl":{"start":{"line":135,"column":22},"end":{"line":135,"column":23}},"loc":{"start":{"line":135,"column":28},"end":{"line":137,"column":3}},"line":135}},"branchMap":{"0":{"loc":{"start":{"line":38,"column":2},"end":{"line":38,"column":18}},"type":"default-arg","locations":[{"start":{"line":38,"column":13},"end":{"line":38,"column":18}}],"line":38},"1":{"loc":{"start":{"line":46,"column":48},"end":{"line":46,"column":64}},"type":"cond-expr","locations":[{"start":{"line":46,"column":59},"end":{"line":46,"column":60}},{"start":{"line":46,"column":63},"end":{"line":46,"column":64}}],"line":46},"2":{"loc":{"start":{"line":55,"column":31},"end":{"line":57,"column":7}},"type":"cond-expr","locations":[{"start":{"line":56,"column":6},"end":{"line":56,"column":60}},{"start":{"line":57,"column":6},"end":{"line":57,"column":7}}],"line":55},"3":{"loc":{"start":{"line":61,"column":17},"end":{"line":61,"column":48}},"type":"cond-expr","locations":[{"start":{"line":61,"column":28},"end":{"line":61,"column":36}},{"start":{"line":61,"column":39},"end":{"line":61,"column":48}}],"line":61},"4":{"loc":{"start":{"line":69,"column":28},"end":{"line":71,"column":10}},"type":"cond-expr","locations":[{"start":{"line":70,"column":6},"end":{"line":70,"column":94}},{"start":{"line":71,"column":6},"end":{"line":71,"column":10}}],"line":69},"5":{"loc":{"start":{"line":75,"column":4},"end":{"line":75,"column":48}},"type":"if","locations":[{"start":{"line":75,"column":4},"end":{"line":75,"column":48}},{"start":{},"end":{}}],"line":75},"6":{"loc":{"start":{"line":76,"column":4},"end":{"line":76,"column":65}},"type":"if","locations":[{"start":{"line":76,"column":4},"end":{"line":76,"column":65}},{"start":{},"end":{}}],"line":76},"7":{"loc":{"start":{"line":82,"column":4},"end":{"line":91,"column":5}},"type":"switch","locations":[{"start":{"line":83,"column":6},"end":{"line":84,"column":61}},{"start":{"line":85,"column":6},"end":{"line":86,"column":62}},{"start":{"line":87,"column":6},"end":{"line":88,"column":61}},{"start":{"line":89,"column":6},"end":{"line":90,"column":62}}],"line":82},"8":{"loc":{"start":{"line":96,"column":4},"end":{"line":114,"column":5}},"type":"if","locations":[{"start":{"line":96,"column":4},"end":{"line":114,"column":5}},{"start":{},"end":{}}],"line":96},"9":{"loc":{"start":{"line":157,"column":10},"end":{"line":157,"column":57}},"type":"cond-expr","locations":[{"start":{"line":157,"column":23},"end":{"line":157,"column":38}},{"start":{"line":157,"column":41},"end":{"line":157,"column":57}}],"line":157},"10":{"loc":{"start":{"line":167,"column":38},"end":{"line":167,"column":85}},"type":"cond-expr","locations":[{"start":{"line":167,"column":51},"end":{"line":167,"column":67}},{"start":{"line":167,"column":70},"end":{"line":167,"column":85}}],"line":167},"11":{"loc":{"start":{"line":188,"column":20},"end":{"line":188,"column":60}},"type":"cond-expr","locations":[{"start":{"line":188,"column":37},"end":{"line":188,"column":43}},{"start":{"line":188,"column":46},"end":{"line":188,"column":60}}],"line":188},"12":{"loc":{"start":{"line":190,"column":21},"end":{"line":190,"column":49}},"type":"cond-expr","locations":[{"start":{"line":190,"column":34},"end":{"line":190,"column":40}},{"start":{"line":190,"column":43},"end":{"line":190,"column":49}}],"line":190},"13":{"loc":{"start":{"line":192,"column":43},"end":{"line":192,"column":90}},"type":"cond-expr","locations":[{"start":{"line":192,"column":56},"end":{"line":192,"column":72}},{"start":{"line":192,"column":75},"end":{"line":192,"column":90}}],"line":192},"14":{"loc":{"start":{"line":193,"column":15},"end":{"line":193,"column":77}},"type":"cond-expr","locations":[{"start":{"line":193,"column":34},"end":{"line":193,"column":44}},{"start":{"line":193,"column":47},"end":{"line":193,"column":77}}],"line":193},"15":{"loc":{"start":{"line":197,"column":11},"end":{"line":210,"column":11}},"type":"cond-expr","locations":[{"start":{"line":198,"column":12},"end":{"line":203,"column":19}},{"start":{"line":205,"column":12},"end":{"line":209,"column":31}}],"line":197},"16":{"loc":{"start":{"line":207,"column":17},"end":{"line":207,"column":63}},"type":"cond-expr","locations":[{"start":{"line":207,"column":36},"end":{"line":207,"column":50}},{"start":{"line":207,"column":53},"end":{"line":207,"column":63}}],"line":207}},"s":{"0":0,"1":0,"2":0,"3":0,"4":0,"5":0,"6":0,"7":0,"8":0,"9":0,"10":0,"11":0,"12":0,"13":0,"14":0,"15":0,"16":0,"17":0,"18":0,"19":0,"20":0,"21":0,"22":0,"23":0,"24":0,"25":0,"26":0,"27":0,"28":0,"29":0,"30":0,"31":0,"32":0,"33":0,"34":0,"35":0,"36":0,"37":0,"38":0,"39":0,"40":0,"41":0,"42":0,"43":0,"44":0,"45":0},"f":{"0":0,"1":0,"2":0,"3":0,"4":0,"5":0,"6":0,"7":0,"8":0,"9":0,"10":0,"11":0},"b":{"0":[0],"1":[0,0],"2":[0,0],"3":[0,0],"4":[0,0],"5":[0,0],"6":[0,0],"7":[0,0,0,0],"8":[0,0],"9":[0,0],"10":[0,0],"11":[0,0],"12":[0,0],"13":[0,0],"14":[0,0],"15":[0,0],"16":[0,0]}}
,"/Users/jameswynant/Desktop/*1k2large*/-1k2large-/app/components/focus/FocusAreaDetailView.tsx": {"path":"/Users/jameswynant/Desktop/*1k2large*/-1k2large-/app/components/focus/FocusAreaDetailView.tsx","statementMap":{"0":{"start":{"line":22,"column":24},"end":{"line":26,"column":1}},"1":{"start":{"line":35,"column":22},"end":{"line":35,"column":38}},"2":{"start":{"line":36,"column":21},"end":{"line":36,"column":43}},"3":{"start":{"line":37,"column":39},"end":{"line":37,"column":61}},"4":{"start":{"line":40,"column":42},"end":{"line":40,"column":57}},"5":{"start":{"line":41,"column":42},"end":{"line":41,"column":54}},"6":{"start":{"line":42,"column":48},"end":{"line":42,"column":75}},"7":{"start":{"line":45,"column":46},"end":{"line":45,"column":61}},"8":{"start":{"line":48,"column":16},"end":{"line":48,"column":76}},"9":{"start":{"line":48,"column":42},"end":{"line":48,"column":75}},"10":{"start":{"line":49,"column":22},"end":{"line":49,"column":61}},"11":{"start":{"line":49,"column":43},"end":{"line":49,"column":60}},"12":{"start":{"line":50,"column":25},"end":{"line":50,"column":63}},"13":{"start":{"line":50,"column":46},"end":{"line":50,"column":62}},"14":{"start":{"line":53,"column":21},"end":{"line":53,"column":33}},"15":{"start":{"line":54,"column":31},"end":{"line":56,"column":7}},"16":{"start":{"line":59,"column":24},"end":{"line":86,"column":3}},"17":{"start":{"line":60,"column":4},"end":{"line":63,"column":5}},"18":{"start":{"line":61,"column":6},"end":{"line":61,"column":56}},"19":{"start":{"line":62,"column":6},"end":{"line":62,"column":13}},"20":{"start":{"line":66,"column":45},"end":{"line":74,"column":5}},"21":{"start":{"line":77,"column":4},"end":{"line":77,"column":28}},"22":{"start":{"line":80,"column":4},"end":{"line":80,"column":24}},"23":{"start":{"line":81,"column":4},"end":{"line":81,"column":29}},"24":{"start":{"line":82,"column":4},"end":{"line":82,"column":27}},"25":{"start":{"line":85,"column":4},"end":{"line":85,"column":54}},"26":{"start":{"line":89,"column":21},"end":{"line":96,"column":3}},"27":{"start":{"line":90,"column":4},"end":{"line":90,"column":25}},"28":{"start":{"line":90,"column":15},"end":{"line":90,"column":25}},"29":{"start":{"line":91,"column":4},"end":{"line":95,"column":7}},"30":{"start":{"line":99,"column":27},"end":{"line":104,"column":3}},"31":{"start":{"line":100,"column":4},"end":{"line":100,"column":45}},"32":{"start":{"line":101,"column":4},"end":{"line":103,"column":5}},"33":{"start":{"line":102,"column":6},"end":{"line":102,"column":39}},"34":{"start":{"line":106,"column":2},"end":{"line":395,"column":4}},"35":{"start":{"line":200,"column":31},"end":{"line":200,"column":52}},"36":{"start":{"line":210,"column":18},"end":{"line":241,"column":25}},"37":{"start":{"line":252,"column":33},"end":{"line":252,"column":54}},"38":{"start":{"line":272,"column":20},"end":{"line":282,"column":27}},"39":{"start":{"line":306,"column":32},"end":{"line":306,"column":54}},"40":{"start":{"line":337,"column":33},"end":{"line":337,"column":56}},"41":{"start":{"line":369,"column":22},"end":{"line":369,"column":45}},"42":{"start":{"line":370,"column":22},"end":{"line":370,"column":42}},"43":{"start":{"line":371,"column":22},"end":{"line":371,"column":47}},"44":{"start":{"line":372,"column":22},"end":{"line":372,"column":47}},"45":{"start":{"line":398,"column":15},"end":{"line":785,"column":2}}},"fnMap":{"0":{"name":"FocusAreaDetailView","decl":{"start":{"line":34,"column":24},"end":{"line":34,"column":43}},"loc":{"start":{"line":34,"column":102},"end":{"line":396,"column":1}},"line":34},"1":{"name":"(anonymous_1)","decl":{"start":{"line":48,"column":34},"end":{"line":48,"column":35}},"loc":{"start":{"line":48,"column":42},"end":{"line":48,"column":75}},"line":48},"2":{"name":"(anonymous_2)","decl":{"start":{"line":49,"column":35},"end":{"line":49,"column":36}},"loc":{"start":{"line":49,"column":43},"end":{"line":49,"column":60}},"line":49},"3":{"name":"(anonymous_3)","decl":{"start":{"line":50,"column":38},"end":{"line":50,"column":39}},"loc":{"start":{"line":50,"column":46},"end":{"line":50,"column":62}},"line":50},"4":{"name":"(anonymous_4)","decl":{"start":{"line":59,"column":24},"end":{"line":59,"column":25}},"loc":{"start":{"line":59,"column":30},"end":{"line":86,"column":3}},"line":59},"5":{"name":"(anonymous_5)","decl":{"start":{"line":89,"column":21},"end":{"line":89,"column":22}},"loc":{"start":{"line":89,"column":44},"end":{"line":96,"column":3}},"line":89},"6":{"name":"(anonymous_6)","decl":{"start":{"line":99,"column":27},"end":{"line":99,"column":28}},"loc":{"start":{"line":99,"column":64},"end":{"line":104,"column":3}},"line":99},"7":{"name":"(anonymous_7)","decl":{"start":{"line":200,"column":25},"end":{"line":200,"column":26}},"loc":{"start":{"line":200,"column":31},"end":{"line":200,"column":52}},"line":200},"8":{"name":"(anonymous_8)","decl":{"start":{"line":209,"column":33},"end":{"line":209,"column":34}},"loc":{"start":{"line":210,"column":18},"end":{"line":241,"column":25}},"line":210},"9":{"name":"(anonymous_9)","decl":{"start":{"line":252,"column":27},"end":{"line":252,"column":28}},"loc":{"start":{"line":252,"column":33},"end":{"line":252,"column":54}},"line":252},"10":{"name":"(anonymous_10)","decl":{"start":{"line":271,"column":50},"end":{"line":271,"column":51}},"loc":{"start":{"line":272,"column":20},"end":{"line":282,"column":27}},"line":272},"11":{"name":"(anonymous_11)","decl":{"start":{"line":306,"column":26},"end":{"line":306,"column":27}},"loc":{"start":{"line":306,"column":32},"end":{"line":306,"column":54}},"line":306},"12":{"name":"(anonymous_12)","decl":{"start":{"line":337,"column":27},"end":{"line":337,"column":28}},"loc":{"start":{"line":337,"column":33},"end":{"line":337,"column":56}},"line":337},"13":{"name":"(anonymous_13)","decl":{"start":{"line":368,"column":29},"end":{"line":368,"column":30}},"loc":{"start":{"line":368,"column":35},"end":{"line":373,"column":21}},"line":368}},"branchMap":{"0":{"loc":{"start":{"line":54,"column":31},"end":{"line":56,"column":7}},"type":"cond-expr","locations":[{"start":{"line":55,"column":6},"end":{"line":55,"column":60}},{"start":{"line":56,"column":6},"end":{"line":56,"column":7}}],"line":54},"1":{"loc":{"start":{"line":60,"column":4},"end":{"line":63,"column":5}},"type":"if","locations":[{"start":{"line":60,"column":4},"end":{"line":63,"column":5}},{"start":{},"end":{}}],"line":60},"2":{"loc":{"start":{"line":73,"column":16},"end":{"line":73,"column":89}},"type":"cond-expr","locations":[{"start":{"line":73,"column":34},"end":{"line":73,"column":77}},{"start":{"line":73,"column":80},"end":{"line":73,"column":89}}],"line":73},"3":{"loc":{"start":{"line":90,"column":4},"end":{"line":90,"column":25}},"type":"if","locations":[{"start":{"line":90,"column":4},"end":{"line":90,"column":25}},{"start":{},"end":{}}],"line":90},"4":{"loc":{"start":{"line":101,"column":4},"end":{"line":103,"column":5}},"type":"if","locations":[{"start":{"line":101,"column":4},"end":{"line":103,"column":5}},{"start":{},"end":{}}],"line":101},"5":{"loc":{"start":{"line":108,"column":38},"end":{"line":108,"column":95}},"type":"cond-expr","locations":[{"start":{"line":108,"column":51},"end":{"line":108,"column":71}},{"start":{"line":108,"column":74},"end":{"line":108,"column":95}}],"line":108},"6":{"loc":{"start":{"line":112,"column":52},"end":{"line":112,"column":80}},"type":"cond-expr","locations":[{"start":{"line":112,"column":65},"end":{"line":112,"column":71}},{"start":{"line":112,"column":74},"end":{"line":112,"column":80}}],"line":112},"7":{"loc":{"start":{"line":115,"column":44},"end":{"line":115,"column":91}},"type":"cond-expr","locations":[{"start":{"line":115,"column":57},"end":{"line":115,"column":73}},{"start":{"line":115,"column":76},"end":{"line":115,"column":91}}],"line":115},"8":{"loc":{"start":{"line":120,"column":53},"end":{"line":120,"column":81}},"type":"cond-expr","locations":[{"start":{"line":120,"column":66},"end":{"line":120,"column":72}},{"start":{"line":120,"column":75},"end":{"line":120,"column":81}}],"line":120},"9":{"loc":{"start":{"line":126,"column":37},"end":{"line":126,"column":84}},"type":"cond-expr","locations":[{"start":{"line":126,"column":50},"end":{"line":126,"column":65}},{"start":{"line":126,"column":68},"end":{"line":126,"column":84}}],"line":126},"10":{"loc":{"start":{"line":130,"column":48},"end":{"line":130,"column":95}},"type":"cond-expr","locations":[{"start":{"line":130,"column":61},"end":{"line":130,"column":77}},{"start":{"line":130,"column":80},"end":{"line":130,"column":95}}],"line":130},"11":{"loc":{"start":{"line":141,"column":24},"end":{"line":141,"column":79}},"type":"cond-expr","locations":[{"start":{"line":141,"column":56},"end":{"line":141,"column":62}},{"start":{"line":141,"column":65},"end":{"line":141,"column":79}}],"line":141},"12":{"loc":{"start":{"line":145,"column":50},"end":{"line":145,"column":97}},"type":"cond-expr","locations":[{"start":{"line":145,"column":63},"end":{"line":145,"column":79}},{"start":{"line":145,"column":82},"end":{"line":145,"column":97}}],"line":145},"13":{"loc":{"start":{"line":146,"column":19},"end":{"line":146,"column":71}},"type":"cond-expr","locations":[{"start":{"line":146,"column":51},"end":{"line":146,"column":59}},{"start":{"line":146,"column":62},"end":{"line":146,"column":71}}],"line":146},"14":{"loc":{"start":{"line":154,"column":52},"end":{"line":154,"column":99}},"type":"cond-expr","locations":[{"start":{"line":154,"column":65},"end":{"line":154,"column":81}},{"start":{"line":154,"column":84},"end":{"line":154,"column":99}}],"line":154},"15":{"loc":{"start":{"line":157,"column":57},"end":{"line":157,"column":104}},"type":"cond-expr","locations":[{"start":{"line":157,"column":70},"end":{"line":157,"column":86}},{"start":{"line":157,"column":89},"end":{"line":157,"column":104}}],"line":157},"16":{"loc":{"start":{"line":170,"column":48},"end":{"line":170,"column":95}},"type":"cond-expr","locations":[{"start":{"line":170,"column":61},"end":{"line":170,"column":77}},{"start":{"line":170,"column":80},"end":{"line":170,"column":95}}],"line":170},"17":{"loc":{"start":{"line":173,"column":48},"end":{"line":173,"column":95}},"type":"cond-expr","locations":[{"start":{"line":173,"column":61},"end":{"line":173,"column":77}},{"start":{"line":173,"column":80},"end":{"line":173,"column":95}}],"line":173},"18":{"loc":{"start":{"line":176,"column":48},"end":{"line":176,"column":95}},"type":"cond-expr","locations":[{"start":{"line":176,"column":61},"end":{"line":176,"column":77}},{"start":{"line":176,"column":80},"end":{"line":176,"column":95}}],"line":176},"19":{"loc":{"start":{"line":183,"column":13},"end":{"line":189,"column":13}},"type":"binary-expr","locations":[{"start":{"line":183,"column":13},"end":{"line":183,"column":34}},{"start":{"line":184,"column":14},"end":{"line":188,"column":21}}],"line":183},"20":{"loc":{"start":{"line":185,"column":54},"end":{"line":185,"column":101}},"type":"cond-expr","locations":[{"start":{"line":185,"column":67},"end":{"line":185,"column":83}},{"start":{"line":185,"column":86},"end":{"line":185,"column":101}}],"line":185},"21":{"loc":{"start":{"line":195,"column":49},"end":{"line":195,"column":96}},"type":"cond-expr","locations":[{"start":{"line":195,"column":62},"end":{"line":195,"column":78}},{"start":{"line":195,"column":81},"end":{"line":195,"column":96}}],"line":195},"22":{"loc":{"start":{"line":207,"column":13},"end":{"line":257,"column":13}},"type":"cond-expr","locations":[{"start":{"line":208,"column":14},"end":{"line":243,"column":21}},{"start":{"line":245,"column":14},"end":{"line":256,"column":21}}],"line":207},"23":{"loc":{"start":{"line":212,"column":45},"end":{"line":212,"column":92}},"type":"cond-expr","locations":[{"start":{"line":212,"column":58},"end":{"line":212,"column":73}},{"start":{"line":212,"column":76},"end":{"line":212,"column":92}}],"line":212},"24":{"loc":{"start":{"line":215,"column":54},"end":{"line":215,"column":101}},"type":"cond-expr","locations":[{"start":{"line":215,"column":67},"end":{"line":215,"column":83}},{"start":{"line":215,"column":86},"end":{"line":215,"column":101}}],"line":215},"25":{"loc":{"start":{"line":218,"column":23},"end":{"line":225,"column":23}},"type":"binary-expr","locations":[{"start":{"line":218,"column":23},"end":{"line":218,"column":36}},{"start":{"line":219,"column":24},"end":{"line":224,"column":31}}],"line":218},"26":{"loc":{"start":{"line":220,"column":77},"end":{"line":220,"column":105}},"type":"cond-expr","locations":[{"start":{"line":220,"column":90},"end":{"line":220,"column":96}},{"start":{"line":220,"column":99},"end":{"line":220,"column":105}}],"line":220},"27":{"loc":{"start":{"line":221,"column":61},"end":{"line":221,"column":108}},"type":"cond-expr","locations":[{"start":{"line":221,"column":74},"end":{"line":221,"column":90}},{"start":{"line":221,"column":93},"end":{"line":221,"column":108}}],"line":221},"28":{"loc":{"start":{"line":233,"column":40},"end":{"line":233,"column":58}},"type":"binary-expr","locations":[{"start":{"line":233,"column":40},"end":{"line":233,"column":53}},{"start":{"line":233,"column":57},"end":{"line":233,"column":58}}],"line":233},"29":{"loc":{"start":{"line":237,"column":61},"end":{"line":237,"column":108}},"type":"cond-expr","locations":[{"start":{"line":237,"column":74},"end":{"line":237,"column":90}},{"start":{"line":237,"column":93},"end":{"line":237,"column":108}}],"line":237},"30":{"loc":{"start":{"line":238,"column":25},"end":{"line":238,"column":43}},"type":"binary-expr","locations":[{"start":{"line":238,"column":25},"end":{"line":238,"column":38}},{"start":{"line":238,"column":42},"end":{"line":238,"column":43}}],"line":238},"31":{"loc":{"start":{"line":245,"column":47},"end":{"line":245,"column":94}},"type":"cond-expr","locations":[{"start":{"line":245,"column":60},"end":{"line":245,"column":75}},{"start":{"line":245,"column":78},"end":{"line":245,"column":94}}],"line":245},"32":{"loc":{"start":{"line":246,"column":63},"end":{"line":246,"column":91}},"type":"cond-expr","locations":[{"start":{"line":246,"column":76},"end":{"line":246,"column":82}},{"start":{"line":246,"column":85},"end":{"line":246,"column":91}}],"line":246},"33":{"loc":{"start":{"line":247,"column":53},"end":{"line":247,"column":100}},"type":"cond-expr","locations":[{"start":{"line":247,"column":66},"end":{"line":247,"column":82}},{"start":{"line":247,"column":85},"end":{"line":247,"column":100}}],"line":247},"34":{"loc":{"start":{"line":259,"column":13},"end":{"line":294,"column":13}},"type":"binary-expr","locations":[{"start":{"line":259,"column":13},"end":{"line":259,"column":38}},{"start":{"line":260,"column":14},"end":{"line":293,"column":21}}],"line":259},"35":{"loc":{"start":{"line":262,"column":55},"end":{"line":262,"column":102}},"type":"cond-expr","locations":[{"start":{"line":262,"column":68},"end":{"line":262,"column":84}},{"start":{"line":262,"column":87},"end":{"line":262,"column":102}}],"line":262},"36":{"loc":{"start":{"line":265,"column":55},"end":{"line":265,"column":102}},"type":"cond-expr","locations":[{"start":{"line":265,"column":68},"end":{"line":265,"column":84}},{"start":{"line":265,"column":87},"end":{"line":265,"column":102}}],"line":265},"37":{"loc":{"start":{"line":274,"column":47},"end":{"line":274,"column":94}},"type":"cond-expr","locations":[{"start":{"line":274,"column":60},"end":{"line":274,"column":75}},{"start":{"line":274,"column":78},"end":{"line":274,"column":94}}],"line":274},"38":{"loc":{"start":{"line":277,"column":82},"end":{"line":277,"column":129}},"type":"cond-expr","locations":[{"start":{"line":277,"column":95},"end":{"line":277,"column":111}},{"start":{"line":277,"column":114},"end":{"line":277,"column":129}}],"line":277},"39":{"loc":{"start":{"line":285,"column":19},"end":{"line":291,"column":19}},"type":"binary-expr","locations":[{"start":{"line":285,"column":19},"end":{"line":285,"column":44}},{"start":{"line":286,"column":20},"end":{"line":290,"column":39}}],"line":285},"40":{"loc":{"start":{"line":310,"column":49},"end":{"line":310,"column":96}},"type":"cond-expr","locations":[{"start":{"line":310,"column":62},"end":{"line":310,"column":77}},{"start":{"line":310,"column":80},"end":{"line":310,"column":96}}],"line":310},"41":{"loc":{"start":{"line":311,"column":49},"end":{"line":311,"column":96}},"type":"cond-expr","locations":[{"start":{"line":311,"column":62},"end":{"line":311,"column":78}},{"start":{"line":311,"column":81},"end":{"line":311,"column":96}}],"line":311},"42":{"loc":{"start":{"line":315,"column":48},"end":{"line":315,"column":95}},"type":"cond-expr","locations":[{"start":{"line":315,"column":61},"end":{"line":315,"column":77}},{"start":{"line":315,"column":80},"end":{"line":315,"column":95}}],"line":315},"43":{"loc":{"start":{"line":321,"column":20},"end":{"line":321,"column":69}},"type":"cond-expr","locations":[{"start":{"line":321,"column":33},"end":{"line":321,"column":49}},{"start":{"line":321,"column":52},"end":{"line":321,"column":69}}],"line":321},"44":{"loc":{"start":{"line":326,"column":40},"end":{"line":326,"column":68}},"type":"cond-expr","locations":[{"start":{"line":326,"column":53},"end":{"line":326,"column":59}},{"start":{"line":326,"column":62},"end":{"line":326,"column":68}}],"line":326},"45":{"loc":{"start":{"line":329,"column":48},"end":{"line":329,"column":95}},"type":"cond-expr","locations":[{"start":{"line":329,"column":61},"end":{"line":329,"column":77}},{"start":{"line":329,"column":80},"end":{"line":329,"column":95}}],"line":329},"46":{"loc":{"start":{"line":335,"column":20},"end":{"line":335,"column":69}},"type":"cond-expr","locations":[{"start":{"line":335,"column":33},"end":{"line":335,"column":49}},{"start":{"line":335,"column":52},"end":{"line":335,"column":69}}],"line":335},"47":{"loc":{"start":{"line":340,"column":20},"end":{"line":340,"column":78}},"type":"cond-expr","locations":[{"start":{"line":340,"column":38},"end":{"line":340,"column":53}},{"start":{"line":340,"column":56},"end":{"line":340,"column":78}}],"line":340},"48":{"loc":{"start":{"line":341,"column":20},"end":{"line":341,"column":67}},"type":"cond-expr","locations":[{"start":{"line":341,"column":33},"end":{"line":341,"column":49}},{"start":{"line":341,"column":52},"end":{"line":341,"column":67}}],"line":341},"49":{"loc":{"start":{"line":343,"column":21},"end":{"line":343,"column":88}},"type":"cond-expr","locations":[{"start":{"line":343,"column":39},"end":{"line":343,"column":66}},{"start":{"line":343,"column":69},"end":{"line":343,"column":88}}],"line":343},"50":{"loc":{"start":{"line":348,"column":27},"end":{"line":348,"column":55}},"type":"cond-expr","locations":[{"start":{"line":348,"column":40},"end":{"line":348,"column":46}},{"start":{"line":348,"column":49},"end":{"line":348,"column":55}}],"line":348},"51":{"loc":{"start":{"line":352,"column":17},"end":{"line":363,"column":17}},"type":"binary-expr","locations":[{"start":{"line":352,"column":17},"end":{"line":352,"column":31}},{"start":{"line":353,"column":18},"end":{"line":362,"column":20}}],"line":352},"52":{"loc":{"start":{"line":354,"column":27},"end":{"line":354,"column":56}},"type":"binary-expr","locations":[{"start":{"line":354,"column":27},"end":{"line":354,"column":42}},{"start":{"line":354,"column":46},"end":{"line":354,"column":56}}],"line":354},"53":{"loc":{"start":{"line":356,"column":29},"end":{"line":356,"column":74}},"type":"cond-expr","locations":[{"start":{"line":356,"column":53},"end":{"line":356,"column":62}},{"start":{"line":356,"column":65},"end":{"line":356,"column":74}}],"line":356},"54":{"loc":{"start":{"line":360,"column":31},"end":{"line":360,"column":62}},"type":"cond-expr","locations":[{"start":{"line":360,"column":44},"end":{"line":360,"column":50}},{"start":{"line":360,"column":53},"end":{"line":360,"column":62}}],"line":360},"55":{"loc":{"start":{"line":381,"column":22},"end":{"line":381,"column":74}},"type":"binary-expr","locations":[{"start":{"line":381,"column":22},"end":{"line":381,"column":42}},{"start":{"line":381,"column":46},"end":{"line":381,"column":74}}],"line":381},"56":{"loc":{"start":{"line":783,"column":21},"end":{"line":783,"column":68}},"type":"cond-expr","locations":[{"start":{"line":783,"column":45},"end":{"line":783,"column":58}},{"start":{"line":783,"column":61},"end":{"line":783,"column":68}}],"line":783}},"s":{"0":0,"1":0,"2":0,"3":0,"4":0,"5":0,"6":0,"7":0,"8":0,"9":0,"10":0,"11":0,"12":0,"13":0,"14":0,"15":0,"16":0,"17":0,"18":0,"19":0,"20":0,"21":0,"22":0,"23":0,"24":0,"25":0,"26":0,"27":0,"28":0,"29":0,"30":0,"31":0,"32":0,"33":0,"34":0,"35":0,"36":0,"37":0,"38":0,"39":0,"40":0,"41":0,"42":0,"43":0,"44":0,"45":0},"f":{"0":0,"1":0,"2":0,"3":0,"4":0,"5":0,"6":0,"7":0,"8":0,"9":0,"10":0,"11":0,"12":0,"13":0},"b":{"0":[0,0],"1":[0,0],"2":[0,0],"3":[0,0],"4":[0,0],"5":[0,0],"6":[0,0],"7":[0,0],"8":[0,0],"9":[0,0],"10":[0,0],"11":[0,0],"12":[0,0],"13":[0,0],"14":[0,0],"15":[0,0],"16":[0,0],"17":[0,0],"18":[0,0],"19":[0,0],"20":[0,0],"21":[0,0],"22":[0,0],"23":[0,0],"24":[0,0],"25":[0,0],"26":[0,0],"27":[0,0],"28":[0,0],"29":[0,0],"30":[0,0],"31":[0,0],"32":[0,0],"33":[0,0],"34":[0,0],"35":[0,0],"36":[0,0],"37":[0,0],"38":[0,0],"39":[0,0],"40":[0,0],"41":[0,0],"42":[0,0],"43":[0,0],"44":[0,0],"45":[0,0],"46":[0,0],"47":[0,0],"48":[0,0],"49":[0,0],"50":[0,0],"51":[0,0],"52":[0,0],"53":[0,0],"54":[0,0],"55":[0,0],"56":[0,0]}}
,"/Users/jameswynant/Desktop/*1k2large*/-1k2large-/app/components/focus/SimplifiedFocusAreas.tsx": {"path":"/Users/jameswynant/Desktop/*1k2large*/-1k2large-/app/components/focus/SimplifiedFocusAreas.tsx","statementMap":{"0":{"start":{"line":26,"column":55},"end":{"line":26,"column":79}},"1":{"start":{"line":29,"column":24},"end":{"line":33,"column":1}},"2":{"start":{"line":36,"column":30},"end":{"line":40,"column":1}},"3":{"start":{"line":43,"column":24},"end":{"line":47,"column":1}},"4":{"start":{"line":50,"column":24},"end":{"line":54,"column":1}},"5":{"start":{"line":57,"column":24},"end":{"line":88,"column":1}},"6":{"start":{"line":91,"column":22},"end":{"line":119,"column":2}},"7":{"start":{"line":92,"column":2},"end":{"line":118,"column":4}},"8":{"start":{"line":122,"column":24},"end":{"line":165,"column":2}},"9":{"start":{"line":131,"column":2},"end":{"line":131,"column":38}},"10":{"start":{"line":131,"column":26},"end":{"line":131,"column":38}},"11":{"start":{"line":133,"column":2},"end":{"line":164,"column":4}},"12":{"start":{"line":156,"column":10},"end":{"line":160,"column":12}},"13":{"start":{"line":176,"column":6},"end":{"line":176,"column":21}},"14":{"start":{"line":178,"column":17},"end":{"line":178,"column":28}},"15":{"start":{"line":181,"column":22},"end":{"line":181,"column":38}},"16":{"start":{"line":182,"column":21},"end":{"line":182,"column":43}},"17":{"start":{"line":185,"column":44},"end":{"line":185,"column":59}},"18":{"start":{"line":186,"column":44},"end":{"line":186,"column":56}},"19":{"start":{"line":187,"column":44},"end":{"line":187,"column":56}},"20":{"start":{"line":188,"column":50},"end":{"line":188,"column":86}},"21":{"start":{"line":191,"column":25},"end":{"line":236,"column":119}},"22":{"start":{"line":192,"column":4},"end":{"line":192,"column":46}},"23":{"start":{"line":195,"column":4},"end":{"line":195,"column":23}},"24":{"start":{"line":197,"column":4},"end":{"line":200,"column":5}},"25":{"start":{"line":198,"column":6},"end":{"line":198,"column":71}},"26":{"start":{"line":199,"column":6},"end":{"line":199,"column":13}},"27":{"start":{"line":203,"column":4},"end":{"line":209,"column":5}},"28":{"start":{"line":204,"column":6},"end":{"line":207,"column":8}},"29":{"start":{"line":208,"column":6},"end":{"line":208,"column":13}},"30":{"start":{"line":212,"column":26},"end":{"line":218,"column":5}},"31":{"start":{"line":220,"column":4},"end":{"line":220,"column":53}},"32":{"start":{"line":223,"column":4},"end":{"line":223,"column":32}},"33":{"start":{"line":226,"column":4},"end":{"line":226,"column":40}},"34":{"start":{"line":227,"column":4},"end":{"line":227,"column":28}},"35":{"start":{"line":228,"column":4},"end":{"line":228,"column":25}},"36":{"start":{"line":229,"column":4},"end":{"line":229,"column":25}},"37":{"start":{"line":230,"column":4},"end":{"line":230,"column":37}},"38":{"start":{"line":233,"column":4},"end":{"line":233,"column":72}},"39":{"start":{"line":235,"column":4},"end":{"line":235,"column":49}},"40":{"start":{"line":239,"column":28},"end":{"line":258,"column":23}},"41":{"start":{"line":240,"column":4},"end":{"line":257,"column":6}},"42":{"start":{"line":252,"column":12},"end":{"line":252,"column":37}},"43":{"start":{"line":253,"column":12},"end":{"line":253,"column":80}},"44":{"start":{"line":261,"column":31},"end":{"line":265,"column":8}},"45":{"start":{"line":264,"column":4},"end":{"line":264,"column":59}},"46":{"start":{"line":268,"column":28},"end":{"line":271,"column":8}},"47":{"start":{"line":269,"column":4},"end":{"line":269,"column":27}},"48":{"start":{"line":270,"column":4},"end":{"line":270,"column":59}},"49":{"start":{"line":274,"column":37},"end":{"line":285,"column":42}},"50":{"start":{"line":275,"column":4},"end":{"line":275,"column":53}},"51":{"start":{"line":277,"column":4},"end":{"line":284,"column":23}},"52":{"start":{"line":278,"column":6},"end":{"line":283,"column":8}},"53":{"start":{"line":288,"column":26},"end":{"line":316,"column":24}},"54":{"start":{"line":289,"column":4},"end":{"line":315,"column":7}},"55":{"start":{"line":290,"column":6},"end":{"line":314,"column":25}},"56":{"start":{"line":299,"column":23},"end":{"line":299,"column":64}},"57":{"start":{"line":319,"column":32},"end":{"line":322,"column":8}},"58":{"start":{"line":320,"column":4},"end":{"line":320,"column":23}},"59":{"start":{"line":321,"column":4},"end":{"line":321,"column":28}},"60":{"start":{"line":324,"column":2},"end":{"line":447,"column":4}},"61":{"start":{"line":381,"column":30},"end":{"line":381,"column":53}},"62":{"start":{"line":394,"column":37},"end":{"line":394,"column":60}},"63":{"start":{"line":450,"column":15},"end":{"line":731,"column":2}}},"fnMap":{"0":{"name":"(anonymous_0)","decl":{"start":{"line":91,"column":27},"end":{"line":91,"column":28}},"loc":{"start":{"line":91,"column":92},"end":{"line":119,"column":1}},"line":91},"1":{"name":"(anonymous_1)","decl":{"start":{"line":122,"column":29},"end":{"line":122,"column":30}},"loc":{"start":{"line":130,"column":6},"end":{"line":165,"column":1}},"line":130},"2":{"name":"(anonymous_2)","decl":{"start":{"line":155,"column":19},"end":{"line":155,"column":20}},"loc":{"start":{"line":156,"column":10},"end":{"line":160,"column":12}},"line":156},"3":{"name":"SimplifiedFocusAreas","decl":{"start":{"line":167,"column":24},"end":{"line":167,"column":44}},"loc":{"start":{"line":167,"column":47},"end":{"line":448,"column":1}},"line":167},"4":{"name":"(anonymous_4)","decl":{"start":{"line":191,"column":37},"end":{"line":191,"column":38}},"loc":{"start":{"line":191,"column":43},"end":{"line":236,"column":3}},"line":191},"5":{"name":"(anonymous_5)","decl":{"start":{"line":239,"column":40},"end":{"line":239,"column":41}},"loc":{"start":{"line":239,"column":61},"end":{"line":258,"column":3}},"line":239},"6":{"name":"(anonymous_6)","decl":{"start":{"line":251,"column":19},"end":{"line":251,"column":20}},"loc":{"start":{"line":251,"column":25},"end":{"line":254,"column":11}},"line":251},"7":{"name":"(anonymous_7)","decl":{"start":{"line":261,"column":43},"end":{"line":261,"column":44}},"loc":{"start":{"line":261,"column":49},"end":{"line":265,"column":3}},"line":261},"8":{"name":"(anonymous_8)","decl":{"start":{"line":268,"column":40},"end":{"line":268,"column":41}},"loc":{"start":{"line":268,"column":46},"end":{"line":271,"column":3}},"line":268},"9":{"name":"(anonymous_9)","decl":{"start":{"line":274,"column":45},"end":{"line":274,
[...]
mn":5}},"39":{"start":{"line":98,"column":6},"end":{"line":98,"column":60}},"40":{"start":{"line":101,"column":4},"end":{"line":103,"column":5}},"41":{"start":{"line":102,"column":6},"end":{"line":102,"column":58}},"42":{"start":{"line":106,"column":4},"end":{"line":106,"column":14}},"43":{"start":{"line":109,"column":4},"end":{"line":109,"column":54}},"44":{"start":{"line":112,"column":2},"end":{"line":186,"column":4}},"45":{"start":{"line":129,"column":58},"end":{"line":129,"column":77}},"46":{"start":{"line":142,"column":20},"end":{"line":164,"column":32}},"47":{"start":{"line":145,"column":37},"end":{"line":145,"column":61}},"48":{"start":{"line":189,"column":15},"end":{"line":296,"column":2}}},"fnMap":{"0":{"name":"BottomSheet","decl":{"start":{"line":17,"column":24},"end":{"line":17,"column":35}},"loc":{"start":{"line":17,"column":106},"end":{"line":187,"column":1}},"line":17},"1":{"name":"(anonymous_1)","decl":{"start":{"line":24,"column":29},"end":{"line":24,"column":30}},"loc":{"start":{"line":24,"column":47},"end":{"line":37,"column":3}},"line":24},"2":{"name":"(anonymous_2)","decl":{"start":{"line":39,"column":30},"end":{"line":39,"column":31}},"loc":{"start":{"line":39,"column":48},"end":{"line":52,"column":3}},"line":39},"3":{"name":"(anonymous_3)","decl":{"start":{"line":55,"column":19},"end":{"line":55,"column":20}},"loc":{"start":{"line":55,"column":25},"end":{"line":65,"column":3}},"line":55},"4":{"name":"(anonymous_4)","decl":{"start":{"line":67,"column":12},"end":{"line":67,"column":13}},"loc":{"start":{"line":67,"column":18},"end":{"line":87,"column":3}},"line":67},"5":{"name":"(anonymous_5)","decl":{"start":{"line":89,"column":29},"end":{"line":89,"column":30}},"loc":{"start":{"line":89,"column":52},"end":{"line":110,"column":3}},"line":89},"6":{"name":"(anonymous_6)","decl":{"start":{"line":129,"column":53},"end":{"line":129,"column":54}},"loc":{"start":{"line":129,"column":58},"end":{"line":129,"column":77}},"line":129},"7":{"name":"(anonymous_7)","decl":{"start":{"line":141,"column":30},"end":{"line":141,"column":31}},"loc":{"start":{"line":142,"column":20},"end":{"line":164,"column":32}},"line":142},"8":{"name":"(anonymous_8)","decl":{"start":{"line":145,"column":31},"end":{"line":145,"column":32}},"loc":{"start":{"line":145,"column":37},"end":{"line":145,"column":61}},"line":145}},"branchMap":{"0":{"loc":{"start":{"line":25,"column":4},"end":{"line":36,"column":5}},"type":"switch","locations":[{"start":{"line":26,"column":6},"end":{"line":27,"column":31}},{"start":{"line":28,"column":6},"end":{"line":29,"column":30}},{"start":{"line":30,"column":6},"end":{"line":31,"column":30}},{"start":{"line":32,"column":6},"end":{"line":33,"column":33}},{"start":{"line":34,"column":6},"end":{"line":35,"column":34}}],"line":25},"1":{"loc":{"start":{"line":40,"column":4},"end":{"line":51,"column":5}},"type":"switch","locations":[{"start":{"line":41,"column":6},"end":{"line":42,"column":25}},{"start":{"line":43,"column":6},"end":{"line":44,"column":25}},{"start":{"line":45,"column":6},"end":{"line":46,"column":25}},{"start":{"line":47,"column":6},"end":{"line":48,"column":25}},{"start":{"line":49,"column":6},"end":{"line":50,"column":22}}],"line":40},"2":{"loc":{"start":{"line":56,"column":4},"end":{"line":56,"column":28}},"type":"if","locations":[{"start":{"line":56,"column":4},"end":{"line":56,"column":28}},{"start":{},"end":{}}],"line":56},"3":{"loc":{"start":{"line":58,"column":4},"end":{"line":62,"column":5}},"type":"if","locations":[{"start":{"line":58,"column":4},"end":{"line":62,"column":5}},{"start":{},"end":{}}],"line":58},"4":{"loc":{"start":{"line":59,"column":6},"end":{"line":59,"column":52}},"type":"if","locations":[{"start":{"line":59,"column":6},"end":{"line":59,"column":52}},{"start":{},"end":{}}],"line":59},"5":{"loc":{"start":{"line":68,"column":4},"end":{"line":86,"column":5}},"type":"if","locations":[{"start":{"line":68,"column":4},"end":{"line":86,"column":5}},{"start":{"line":82,"column":11},"end":{"line":86,"column":5}}],"line":68},"6":{"loc":{"start":{"line":90,"column":4},"end":{"line":90,"column":30}},"type":"if","locations":[{"start":{"line":90,"column":4},"end":{"line":90,"column":30}},{"start":{},"end":{}}],"line":90},"7":{"loc":{"start":{"line":97,"column":4},"end":{"line":99,"column":5}},"type":"if","locations":[{"start":{"line":97,"column":4},"end":{"line":99,"column":5}},{"start":{},"end":{}}],"line":97},"8":{"loc":{"start":{"line":101,"column":4},"end":{"line":103,"column":5}},"type":"if","locations":[{"start":{"line":101,"column":4},"end":{"line":103,"column":5}},{"start":{},"end":{}}],"line":101},"9":{"loc":{"start":{"line":139,"column":15},"end":{"line":180,"column":15}},"type":"cond-expr","locations":[{"start":{"line":140,"column":16},"end":{"line":176,"column":17}},{"start":{"line":179,"column":16},"end":{"line":179,"column":23}}],"line":139},"10":{"loc":{"start":{"line":140,"column":16},"end":{"line":176,"column":17}},"type":"cond-expr","locations":[{"start":{"line":141,"column":18},"end":{"line":165,"column":20}},{"start":{"line":167,"column":18},"end":{"line":175,"column":25}}],"line":140},"11":{"loc":{"start":{"line":155,"column":23},"end":{"line":163,"column":23}},"type":"binary-expr","locations":[{"start":{"line":155,"column":23},"end":{"line":155,"column":33}},{"start":{"line":156,"column":24},"end":{"line":162,"column":31}}],"line":155}},"s":{"0":0,"1":0,"2":0,"3":0,"4":0,"5":0,"6":0,"7":0,"8":0,"9":0,"10":0,"11":0,"12":0,"13":0,"14":0,"15":0,"16":0,"17":0,"18":0,"19":0,"20":0,"21":0,"22":0,"23":0,"24":0,"25":0,"26":0,"27":0,"28":0,"29":0,"30":0,"31":0,"32":0,"33":0,"34":0,"35":0,"36":0,"37":0,"38":0,"39":0,"40":0,"41":0,"42":0,"43":0,"44":0,"45":0,"46":0,"47":0,"48":0},"f":{"0":0,"1":0,"2":0,"3":0,"4":0,"5":0,"6":0,"7":0,"8":0},"b":{"0":[0,0,0,0,0],"1":[0,0,0,0,0],"2":[0,0],"3":[0,0],"4":[0,0],"5":[0,0],"6":[0,0],"7":[0,0],"8":[0,0],"9":[0,0],"10":[0,0],"11":[0,0]}}
,"/Users/jameswynant/Desktop/*1k2large*/-1k2large-/components/ui/LoadingScreen.tsx": {"path":"/Users/jameswynant/Desktop/*1k2large*/-1k2large-/components/ui/LoadingScreen.tsx","statementMap":{"0":{"start":{"line":25,"column":21},"end":{"line":27,"column":3}},"1":{"start":{"line":26,"column":4},"end":{"line":26,"column":56}},"2":{"start":{"line":26,"column":38},"end":{"line":26,"column":55}},"3":{"start":{"line":29,"column":2},"end":{"line":61,"column":9}},"4":{"start":{"line":30,"column":24},"end":{"line":47,"column":5}},"5":{"start":{"line":32,"column":20},"end":{"line":32,"column":37}},"6":{"start":{"line":33,"column":25},"end":{"line":33,"column":37}},"7":{"start":{"line":36,"column":6},"end":{"line":46,"column":9}},"8":{"start":{"line":37,"column":8},"end":{"line":45,"column":10}},"9":{"start":{"line":41,"column":12},"end":{"line":43,"column":13}},"10":{"start":{"line":42,"column":14},"end":{"line":42,"column":41}},"11":{"start":{"line":49,"column":28},"end":{"line":57,"column":5}},"12":{"start":{"line":51,"column":6},"end":{"line":53,"column":9}},"13":{"start":{"line":52,"column":8},"end":{"line":52,"column":23}},"14":{"start":{"line":56,"column":6},"end":{"line":56,"column":35}},"15":{"start":{"line":60,"column":4},"end":{"line":60,"column":18}},"16":{"start":{"line":64,"column":22},"end":{"line":64,"column":52}},"17":{"start":{"line":65,"column":19},"end":{"line":65,"column":61}},"18":{"start":{"line":66,"column":20},"end":{"line":66,"column":39}},"19":{"start":{"line":68,"column":2},"end":{"line":96,"column":4}},"20":{"start":{"line":72,"column":10},"end":{"line":91,"column":17}},"21":{"start":{"line":74,"column":36},"end":{"line":78,"column":17}},"22":{"start":{"line":74,"column":60},"end":{"line":78,"column":15}},"23":{"start":{"line":80,"column":14},"end":{"line":89,"column":16}},"24":{"start":{"line":99,"column":15},"end":{"line":125,"column":2}}},"fnMap":{"0":{"name":"LoadingScreen","decl":{"start":{"line":18,"column":24},"end":{"line":18,"column":37}},"loc":{"start":{"line":23,"column":23},"end":{"line":97,"column":1}},"line":23},"1":{"name":"(anonymous_1)","decl":{"start":{"line":25,"column":49},"end":{"line":25,"column":50}},"loc":{"start":{"line":26,"column":4},"end":{"line":26,"column":56}},"line":26},"2":{"name":"(anonymous_2)","decl":{"start":{"line":26,"column":32},"end":{"line":26,"column":33}},"loc":{"start":{"line":26,"column":38},"end":{"line":26,"column":55}},"line":26},"3":{"name":"(anonymous_3)","decl":{"start":{"line":29,"column":12},"end":{"line":29,"column":13}},"loc":{"start":{"line":29,"column":18},"end":{"line":61,"column":3}},"line":29},"4":{"name":"(anonymous_4)","decl":{"start":{"line":30,"column":24},"end":{"line":30,"column":25}},"loc":{"start":{"line":30,"column":30},"end":{"line":47,"column":5}},"line":30},"5":{"name":"(anonymous_5)","decl":{"start":{"line":36,"column":20},"end":{"line":36,"column":21}},"loc":{"start":{"line":36,"column":37},"end":{"line":46,"column":7}},"line":36},"6":{"name":"(anonymous_6)","decl":{"start":{"line":39,"column":57},"end":{"line":39,"column":58}},"loc":{"start":{"line":39,"column":71},"end":{"line":44,"column":11}},"line":39},"7":{"name":"(anonymous_7)","decl":{"start":{"line":49,"column":28},"end":{"line":49,"column":29}},"loc":{"start":{"line":49,"column":34},"end":{"line":57,"column":5}},"line":49},"8":{"name":"(anonymous_8)","decl":{"start":{"line":51,"column":32},"end":{"line":51,"column":33}},"loc":{"start":{"line":51,"column":40},"end":{"line":53,"column":7}},"line":51},"9":{"name":"(anonymous_9)","decl":{"start":{"line":71,"column":24},"end":{"line":71,"column":25}},"loc":{"start":{"line":72,"column":10},"end":{"line":91,"column":17}},"line":72},"10":{"name":"(anonymous_10)","decl":{"start":{"line":73,"column":21},"end":{"line":73,"column":22}},"loc":{"start":{"line":73,"column":41},"end":{"line":90,"column":13}},"line":73},"11":{"name":"(anonymous_11)","decl":{"start":{"line":74,"column":53},"end":{"line":74,"column":54}},"loc":{"start":{"line":74,"column":60},"end":{"line":78,"column":15}},"line":74}},"branchMap":{"0":{"loc":{"start":{"line":19,"column":2},"end":{"line":19,"column":43}},"type":"default-arg","locations":[{"start":{"line":19,"column":12},"end":{"line":19,"column":43}}],"line":19},"1":{"loc":{"start":{"line":20,"column":2},"end":{"line":20,"column":14}},"type":"default-arg","locations":[{"start":{"line":20,"column":13},"end":{"line":20,"column":14}}],"line":20},"2":{"loc":{"start":{"line":21,"column":2},"end":{"line":21,"column":25}},"type":"default-arg","locations":[{"start":{"line":21,"column":22},"end":{"line":21,"column":25}}],"line":21},"3":{"loc":{"start":{"line":22,"column":2},"end":{"line":22,"column":25}},"type":"default-arg","locations":[{"start":{"line":22,"column":22},"end":{"line":22,"column":25}}],"line":22},"4":{"loc":{"start":{"line":41,"column":12},"end":{"line":43,"column":13}},"type":"if","locations":[{"start":{"line":41,"column":12},"end":{"line":43,"column":13}},{"start":{},"end":{}}],"line":41},"5":{"loc":{"start":{"line":41,"column":16},"end":{"line":41,"column":52}},"type":"binary-expr","locations":[{"start":{"line":41,"column":16},"end":{"line":41,"column":24}},{"start":{"line":41,"column":28},"end":{"line":41,"column":52}}],"line":41},"6":{"loc":{"start":{"line":75,"column":33},"end":{"line":75,"column":77}},"type":"cond-expr","locations":[{"start":{"line":75,"column":52},"end":{"line":75,"column":61}},{"start":{"line":75,"column":64},"end":{"line":75,"column":77}}],"line":75}},"s":{"0":0,"1":0,"2":0,"3":0,"4":0,"5":0,"6":0,"7":0,"8":0,"9":0,"10":0,"11":0,"12":0,"13":0,"14":0,"15":0,"16":0,"17":0,"18":0,"19":0,"20":0,"21":0,"22":0,"23":0,"24":0},"f":{"0":0,"1":0,"2":0,"3":0,"4":0,"5":0,"6":0,"7":0,"8":0,"9":0,"10":0,"11":0},"b":{"0":[0],"1":[0],"2":[0],"3":[0],"4":[0,0],"5":[0,0],"6":[0,0]}}
,"/Users/jameswynant/Desktop/*1k2large*/-1k2large-/components/ui/QuickAddMenu.tsx": {"path":"/Users/jameswynant/Desktop/*1k2large*/-1k2large-/components/ui/QuickAddMenu.tsx","statementMap":{"0":{"start":{"line":14,"column":17},"end":{"line":14,"column":28}},"1":{"start":{"line":16,"column":2},"end":{"line":16,"column":28}},"2":{"start":{"line":16,"column":16},"end":{"line":16,"column":28}},"3":{"start":{"line":19,"column":27},"end":{"line":39,"column":3}},"4":{"start":{"line":20,"column":4},"end":{"line":20,"column":30}},"5":{"start":{"line":20,"column":23},"end":{"line":20,"column":30}},"6":{"start":{"line":23,"column":4},"end":{"line":23,"column":14}},"7":{"start":{"line":26,"column":19},"end":{"line":26,"column":40}},"8":{"start":{"line":27,"column":4},"end":{"line":27,"column":56}},"9":{"start":{"line":29,"column":4},"end":{"line":31,"column":5}},"10":{"start":{"line":30,"column":6},"end":{"line":30,"column":60}},"11":{"start":{"line":33,"column":4},"end":{"line":35,"column":5}},"12":{"start":{"line":34,"column":6},"end":{"line":34,"column":58}},"13":{"start":{"line":38,"column":4},"end":{"line":38,"column":57}},"14":{"start":{"line":42,"column":29},"end":{"line":55,"column":3}},"15":{"start":{"line":43,"column":4},"end":{"line":54,"column":5}},"16":{"start":{"line":45,"column":8},"end":{"line":45,"column":31}},"17":{"start":{"line":47,"column":8},"end":{"line":47,"column":30}},"18":{"start":{"line":49,"column":8},"end":{"line":49,"column":30}},"19":{"start":{"line":51,"column":8},"end":{"line":51,"column":39}},"20":{"start":{"line":53,"column":8},"end":{"line":53,"column":36}},"21":{"start":{"line":57,"column":2},"end":{"line":99,"column":4}},"22":{"start":{"line":71,"column":25},"end":{"line":71,"column":51}},"23":{"start":{"line":78,"column":25},"end":{"line":78,"column":51}},"24":{"start":{"line":85,"column":25},"end":{"line":85,"column":49}},"25":{"start":{"line":92,"column":25},"end":{"line":92,"column":55}},"26":{"start":{"line":102,"column":15},"end":{"line":161,"column":2}}},"fnMap":{"0":{"name":"QuickAddMenu","decl":{"start":{"line":13,"column":24},"end":{"line":13,"column":36}},"loc":{"start":{"line":13,"column":102},"end":{"line":100,"column":1}},"line":13},"1":{"name":"(anonymous_1)","decl":{"start":{"line":19,"column":27},"end":{"line":19,"column":28}},"loc":{"start":{"line":19,"column":50},"end":{"line":39,"column":3}},"line":19},"2":{"name":"(anonymous_2)","decl":{"start":{"line":42,"column":29},"end":{"line":42,"column":30}},"loc":{"start":{"line":42,"column":52},"end":{"line":55,"column":3}},"line":42},"3":{"name":"(anonymous_3)","decl":{"start":{"line":71,"column":19},"end":{"line":71,"column":20}},"loc":{"start":{"line":71,"column":25},"end":{"line":71,"column":51}},"line":71},"4":{"name":"(anonymous_4)","decl":{"start":{"line":78,"column":19},"end":{"line":78,"column":20}},"loc":{"start":{"line":78,"column":25},"end":{"line":78,"column":51}},"line":78},"5":{"name":"(anonymous_5)","decl":{"start":{"line":85,"column":19},"end":{"line":85,"column":20}},"loc":{"start":{"line":85,"column":25},"end":{"line":85,"column":49}},"line":85},"6":{"name":"(anonymous_6)","decl":{"start":{"line":92,"column":19},"end":{"line":92,"column":20}},"loc":{"start":{"line":92,"column":25},"end":{"line":92,"column":55}},"line":92}},"branchMap":{"0":{"loc":{"start":{"line":16,"column":2},"end":{"line":16,"column":28}},"type":"if","locations":[{"start":{"line":16,"column":2},"end":{"line":16,"column":28}},{"start":{},"end":{}}],"line":16},"1":{"loc":{"start":{"line":20,"column":4},"end":{"line":20,"column":30}},"type":"if","locations":[{"start":{"line":20,"column":4},"end":{"line":20,"column":30}},{"start":{},"end":{}}],"line":20},"2":{"loc":{"start":{"line":29,"column":4},"end":{"line":31,"column":5}},"type":"if","locations":[{"start":{"line":29,"column":4},"end":{"line":31,"column":5}},{"start":{},"end":{}}],"line":29},"3":{"loc":{"start":{"line":33,"column":4},"end":{"line":35,"column":5}},"type":"if","locations":[{"start":{"line":33,"column":4},"end":{"line":35,"column":5}},{"start":{},"end":{}}],"line":33},"4":{"loc":{"start":{"line":43,"column":4},"end":{"line":54,"column":5}},"type":"switch","locations":[{"start":{"line":44,"column":6},"end":{"line":45,"column":31}},{"start":{"line":46,"column":6},"end":{"line":47,"column":30}},{"start":{"line":48,"column":6},"end":{"line":49,"column":30}},{"start":{"line":50,"column":6},"end":{"line":51,"column":39}},{"start":{"line":52,"column":6},"end":{"line":53,"column":36}}],"line":43}},"s":{"0":0,"1":0,"2":0,"3":0,"4":0,"5":0,"6":0,"7":0,"8":0,"9":0,"10":0,"11":0,"12":0,"13":0,"14":0,"15":0,"16":0,"17":0,"18":0,"19":0,"20":0,"21":0,"22":0,"23":0,"24":0,"25":0,"26":0},"f":{"0":0,"1":0,"2":0,"3":0,"4":0,"5":0,"6":0},"b":{"0":[0,0],"1":[0,0],"2":[0,0],"3":[0,0],"4":[0,0,0,0,0]}}
,"/Users/jameswynant/Desktop/*1k2large*/-1k2large-/components/ui/ViewModeToggle.tsx": {"path":"/Users/jameswynant/Desktop/*1k2large*/-1k2large-/components/ui/ViewModeToggle.tsx","statementMap":{"0":{"start":{"line":13,"column":20},"end":{"line":13,"column":57}},"1":{"start":{"line":16,"column":2},"end":{"line":30,"column":31}},"2":{"start":{"line":17,"column":18},"end":{"line":17,"column":19}},"3":{"start":{"line":18,"column":4},"end":{"line":22,"column":5}},"4":{"start":{"line":19,"column":6},"end":{"line":19,"column":18}},"5":{"start":{"line":20,"column":11},"end":{"line":22,"column":5}},"6":{"start":{"line":21,"column":6},"end":{"line":21,"column":18}},"7":{"start":{"line":24,"column":4},"end":{"line":29,"column":15}},"8":{"start":{"line":33,"column":21},"end":{"line":36,"column":4}},"9":{"start":{"line":38,"column":2},"end":{"line":93,"column":4}},"10":{"start":{"line":52,"column":25},"end":{"line":52,"column":46}},"11":{"start":{"line":66,"column":25},"end":{"line":66,"column":47}},"12":{"start":{"line":80,"column":25},"end":{"line":80,"column":46}},"13":{"start":{"line":96,"column":15},"end":{"line":148,"column":2}}},"fnMap":{"0":{"name":"ViewModeToggle","decl":{"start":{"line":11,"column":24},"end":{"line":11,"column":38}},"loc":{"start":{"line":11,"column":91},"end":{"line":94,"column":1}},"line":11},"1":{"name":"(anonymous_1)","decl":{"start":{"line":16,"column":12},"end":{"line":16,"column":13}},"loc":{"start":{"line":16,"column":18},"end":{"line":30,"column":3}},"line":16},"2":{"name":"(anonymous_2)","decl":{"start":{"line":52,"column":19},"end":{"line":52,"column":20}},"loc":{"start":{"line":52,"column":25},"end":{"line":52,"column":46}},"line":52},"3":{"name":"(anonymous_3)","decl":{"start":{"line":66,"column":19},"end":{"line":66,"column":20}},"loc":{"start":{"line":66,"column":25},"end":{"line":66,"column":47}},"line":66},"4":{"name":"(anonymous_4)","decl":{"start":{"line":80,"column":19},"end":{"line":80,"column":20}},"loc":{"start":{"line":80,"column":25},"end":{"line":80,"column":46}},"line":80}},"branchMap":{"0":{"loc":{"start":{"line":18,"column":4},"end":{"line":22,"column":5}},"type":"if","locations":[{"start":{"line":18,"column":4},"end":{"line":22,"column":5}},{"start":{"line":20,"column":11},"end":{"line":22,"column":5}}],"line":18},"1":{"loc":{"start":{"line":20,"column":11},"end":{"line":22,"column":5}},"type":"if","locations":[{"start":{"line":20,"column":11},"end":{"line":22,"column":5}},{"start":{},"end":{}}],"line":20},"2":{"loc":{"start":{"line":57,"column":14},"end":{"line":57,"column":58}},"type":"binary-expr","locations":[{"start":{"line":57,"column":14},"end":{"line":57,"column":37}},{"start":{"line":57,"column":41},"end":{"line":57,"column":58}}],"line":57},"3":{"loc":{"start":{"line":71,"column":14},"end":{"line":71,"column":59}},"type":"binary-expr","locations":[{"start":{"line":71,"column":14},"end":{"line":71,"column":38}},{"start":{"line":71,"column":42},"end":{"line":71,"column":59}}],"line":71},"4":{"loc":{"start":{"line":85,"column":14},"end":{"line":85,"column":58}},"type":"binary-expr","locations":[{"start":{"line":85,"column":14},"end":{"line":85,"column":37}},{"start":{"line":85,"column":41},"end":{"line":85,"column":58}}],"line":85}},"s":{"0":0,"1":0,"2":0,"3":0,"4":0,"5":0,"6":0,"7":0,"8":0,"9":0,"10":0,"11":0,"12":0,"13":0},"f":{"0":0,"1":0,"2":0,"3":0,"4":0},"b":{"0":[0,0],"1":[0,0],"2":[0,0],"3":[0,0],"4":[0,0]}}
}
